Copyright 1986-2019 Xilinx, Inc. All Rights Reserved.
-----------------------------------------------------------------------------------------------
| Tool Version : Vivado v.2019.2 (lin64) Build 2708876 Wed Nov  6 21:39:14 MST 2019
| Date         : Sat Oct 21 09:17:46 2023
| Host         : edabknam running 64-bit Ubuntu 20.04.6 LTS
| Command      : report_clock_utilization -file xilinx_pulpissimo_clock_utilization_routed.rpt
| Design       : xilinx_pulpissimo
| Device       : 7k325t-ffg900
| Speed File   : -2  PRODUCTION 1.12 2017-02-17
| Design State : Routed
-----------------------------------------------------------------------------------------------

Clock Utilization Report

Table of Contents
-----------------
1. Clock Primitive Utilization
2. Global Clock Resources
3. Global Clock Source Details
4. Local Clock Details
5. Clock Regions: Key Resource Utilization
6. Clock Regions : Global Clock Summary
7. Device Cell Placement Summary for Global Clock g0
8. Device Cell Placement Summary for Global Clock g1
9. Device Cell Placement Summary for Global Clock g2
10. Device Cell Placement Summary for Global Clock g3
11. Device Cell Placement Summary for Global Clock g4
12. Device Cell Placement Summary for Global Clock g5
13. Device Cell Placement Summary for Global Clock g6
14. Device Cell Placement Summary for Global Clock g7
15. Device Cell Placement Summary for Global Clock g8
16. Device Cell Placement Summary for Global Clock g9
17. Device Cell Placement Summary for Global Clock g10
18. Clock Region Cell Placement per Global Clock: Region X0Y0
19. Clock Region Cell Placement per Global Clock: Region X1Y0
20. Clock Region Cell Placement per Global Clock: Region X0Y1
21. Clock Region Cell Placement per Global Clock: Region X1Y1
22. Clock Region Cell Placement per Global Clock: Region X0Y2
23. Clock Region Cell Placement per Global Clock: Region X1Y2
24. Clock Region Cell Placement per Global Clock: Region X0Y3
25. Clock Region Cell Placement per Global Clock: Region X1Y3
26. Clock Region Cell Placement per Global Clock: Region X0Y4
27. Clock Region Cell Placement per Global Clock: Region X1Y4

1. Clock Primitive Utilization
------------------------------

+----------+------+-----------+-----+--------------+--------+
| Type     | Used | Available | LOC | Clock Region | Pblock |
+----------+------+-----------+-----+--------------+--------+
| BUFGCTRL |   11 |        32 |   0 |            0 |      1 |
| BUFH     |    1 |       168 |   0 |            0 |      0 |
| BUFIO    |    0 |        40 |   0 |            0 |      0 |
| BUFMR    |    0 |        20 |   0 |            0 |      0 |
| BUFR     |    0 |        40 |   0 |            0 |      0 |
| MMCM     |    2 |        10 |   0 |            0 |      0 |
| PLL      |    0 |        10 |   0 |            0 |      0 |
+----------+------+-----------+-----+--------------+--------+


2. Global Clock Resources
-------------------------

+-----------+-----------+-----------------+------------+----------------+--------------+-------------------+-------------+-----------------+--------------+-------------------------------+----------------------------------------------------------------------------------------------------------------------+-------------------------------------------------------------------------------------------------------------------+
| Global Id | Source Id | Driver Type/Pin | Constraint | Site           | Clock Region | Load Clock Region | Clock Loads | Non-Clock Loads | Clock Period | Clock                         | Driver Pin                                                                                                           | Net                                                                                                               |
+-----------+-----------+-----------------+------------+----------------+--------------+-------------------+-------------+-----------------+--------------+-------------------------------+----------------------------------------------------------------------------------------------------------------------+-------------------------------------------------------------------------------------------------------------------+
| g0        | src0      | BUFG/O          | None       | BUFGCTRL_X0Y4  | n/a          |                 6 |       16187 |               0 |       50.000 | clk_out1_xilinx_clk_mngr      | i_pulpissimo/soc_domain_i/pulp_soc_i/soc_peripherals_i/i_udma/i_udmacore/genblk1[8].i_clk_gate_sys/clk_o_BUFG_inst/O | i_pulpissimo/soc_domain_i/pulp_soc_i/soc_peripherals_i/i_udma/i_udmacore/genblk1[8].i_clk_gate_sys/clk_o_BUFG     |
| g1        | src1      | BUFG/O          | None       | BUFGCTRL_X0Y5  | n/a          |                 6 |        7535 |               6 |       50.000 | clk_out1_xilinx_clk_mngr      | i_pulpissimo/soc_domain_i/pulp_soc_i/i_clk_rst_gen/i_fpga_clk_gen/i_clk_manager/inst/clkout1_buf/O                   | i_pulpissimo/soc_domain_i/pulp_soc_i/i_clk_rst_gen/i_fpga_clk_gen/i_clk_manager/inst/clk_out1                     |
| g2        | src2      | BUFG/O          | None       | BUFGCTRL_X0Y6  | n/a          |                 1 |        3086 |               0 |              |                               | i_pulpissimo/soc_domain_i/pulp_soc_i/soc_peripherals_i/i_udma/i_i2s_udma/i_clkws_gen/i_pdm_cg/clk_o_BUFG_inst/O      | i_pulpissimo/soc_domain_i/pulp_soc_i/soc_peripherals_i/i_udma/i_i2s_udma/i_clkws_gen/i_pdm_cg/clk_o_BUFG          |
| g3        | src3      | BUFG/O          | None       | BUFGCTRL_X0Y0  | n/a          |                 5 |         696 |               1 |      100.000 | tck                           | pad_jtag_tck_IBUF_BUFG_inst/O                                                                                        | pad_jtag_tck_IBUF_BUFG                                                                                            |
| g4        | src1      | BUFG/O          | None       | BUFGCTRL_X0Y7  | n/a          |                 3 |          21 |               7 |      100.000 | clk_out2_xilinx_clk_mngr      | i_pulpissimo/soc_domain_i/pulp_soc_i/i_clk_rst_gen/i_fpga_clk_gen/i_clk_manager/inst/clkout2_buf/O                   | i_pulpissimo/soc_domain_i/pulp_soc_i/i_clk_rst_gen/i_fpga_clk_gen/i_clk_manager/inst/clk_out2                     |
| g5        | src4      | BUFGCTRL/O      | None       | BUFGCTRL_X0Y1  | n/a          |                 3 |           9 |               0 |      125.000 | clk_out1_xilinx_slow_clk_mngr | i_pulpissimo/safe_domain_i/i_slow_clk_gen/i_slow_clk_mngr/inst/clkout1_buf/O                                         | i_pulpissimo/safe_domain_i/i_slow_clk_gen/i_slow_clk_mngr/inst/clk_out1                                           |
| g6        | src4      | BUFH/O          | None       | BUFHCE_X0Y0    | X0Y0         |                 1 |           8 |               0 |      125.000 | clk_out1_xilinx_slow_clk_mngr | i_pulpissimo/safe_domain_i/i_slow_clk_gen/i_slow_clk_mngr/inst/clkout1_buf_en/O                                      | i_pulpissimo/safe_domain_i/i_slow_clk_gen/i_slow_clk_mngr/inst/clk_out1_xilinx_slow_clk_mngr_en_clk               |
| g7        | src4      | BUFG/O          | None       | BUFGCTRL_X0Y9  | n/a          |                 1 |           1 |               0 |        5.000 | clkfbout_xilinx_slow_clk_mngr | i_pulpissimo/safe_domain_i/i_slow_clk_gen/i_slow_clk_mngr/inst/clkf_buf/O                                            | i_pulpissimo/safe_domain_i/i_slow_clk_gen/i_slow_clk_mngr/inst/clkfbout_buf_xilinx_slow_clk_mngr                  |
| g8        | src1      | BUFG/O          | None       | BUFGCTRL_X0Y10 | n/a          |                 1 |           1 |               0 |        5.000 | clkfbout_xilinx_clk_mngr      | i_pulpissimo/soc_domain_i/pulp_soc_i/i_clk_rst_gen/i_fpga_clk_gen/i_clk_manager/inst/clkf_buf/O                      | i_pulpissimo/soc_domain_i/pulp_soc_i/i_clk_rst_gen/i_fpga_clk_gen/i_clk_manager/inst/clkfbout_buf_xilinx_clk_mngr |
| g9        | src5      | BUFGCTRL/O      | None       | BUFGCTRL_X0Y3  | n/a          |                 1 |           1 |               0 |      100.000 | tck                           | i_pulpissimo/soc_domain_i/pulp_soc_i/i_dmi_jtag/i_dmi_jtag_tap/i_dft_tck_mux/i_tc_clk_mux2/i_BUFGMUX/O               | i_pulpissimo/soc_domain_i/pulp_soc_i/i_dmi_jtag/i_dmi_jtag_tap/i_dft_tck_mux/i_tc_clk_mux2/clk_o                  |
| g10       | src6      | BUFGCTRL/O      | None       | BUFGCTRL_X0Y2  | n/a          |                 2 |           0 |               7 |      125.000 | clk_out1_xilinx_slow_clk_mngr | i_pulpissimo/safe_domain_i/i_slow_clk_gen/i_clock_gate/O                                                             | i_pulpissimo/safe_domain_i/i_slow_clk_gen/slow_clk_o                                                              |
+-----------+-----------+-----------------+------------+----------------+--------------+-------------------+-------------+-----------------+--------------+-------------------------------+----------------------------------------------------------------------------------------------------------------------+-------------------------------------------------------------------------------------------------------------------+
* Clock Loads column represents the clock pin loads (pin count)
** Non-Clock Loads column represents the non-clock pin loads (pin count)


3. Global Clock Source Details
------------------------------

+-----------+-----------+---------------------+------------+-----------------+--------------+-------------+-----------------+---------------------+-------------------------------+-------------------------------------------------------------------------------------------------------------------+---------------------------------------------------------------------------------------------------------------+
| Source Id | Global Id | Driver Type/Pin     | Constraint | Site            | Clock Region | Clock Loads | Non-Clock Loads | Source Clock Period | Source Clock                  | Driver Pin                                                                                                        | Net                                                                                                           |
+-----------+-----------+---------------------+------------+-----------------+--------------+-------------+-----------------+---------------------+-------------------------------+-------------------------------------------------------------------------------------------------------------------+---------------------------------------------------------------------------------------------------------------+
| src0      | g0        | LUT2/O              | None       | SLICE_X80Y192   | X1Y3         |           1 |               0 |              50.000 | clk_out1_xilinx_clk_mngr      | i_pulpissimo/soc_domain_i/pulp_soc_i/soc_peripherals_i/i_udma/i_udmacore/genblk1[8].i_clk_gate_sys/clk_o_INST_0/O | i_pulpissimo/soc_domain_i/pulp_soc_i/soc_peripherals_i/i_udma/i_udmacore/genblk1[8].i_clk_gate_sys/clk_o      |
| src1      | g1        | MMCME2_ADV/CLKOUT0  | None       | MMCME2_ADV_X1Y1 | X1Y1         |           1 |               0 |              50.000 | clk_out1_xilinx_clk_mngr      | i_pulpissimo/soc_domain_i/pulp_soc_i/i_clk_rst_gen/i_fpga_clk_gen/i_clk_manager/inst/mmcm_adv_inst/CLKOUT0        | i_pulpissimo/soc_domain_i/pulp_soc_i/i_clk_rst_gen/i_fpga_clk_gen/i_clk_manager/inst/clk_out1_xilinx_clk_mngr |
| src1      | g4        | MMCME2_ADV/CLKOUT1  | None       | MMCME2_ADV_X1Y1 | X1Y1         |           1 |               0 |             100.000 | clk_out2_xilinx_clk_mngr      | i_pulpissimo/soc_domain_i/pulp_soc_i/i_clk_rst_gen/i_fpga_clk_gen/i_clk_manager/inst/mmcm_adv_inst/CLKOUT1        | i_pulpissimo/soc_domain_i/pulp_soc_i/i_clk_rst_gen/i_fpga_clk_gen/i_clk_manager/inst/clk_out2_xilinx_clk_mngr |
| src1      | g8        | MMCME2_ADV/CLKFBOUT | None       | MMCME2_ADV_X1Y1 | X1Y1         |           1 |               0 |               5.000 | clkfbout_xilinx_clk_mngr      | i_pulpissimo/soc_domain_i/pulp_soc_i/i_clk_rst_gen/i_fpga_clk_gen/i_clk_manager/inst/mmcm_adv_inst/CLKFBOUT       | i_pulpissimo/soc_domain_i/pulp_soc_i/i_clk_rst_gen/i_fpga_clk_gen/i_clk_manager/inst/clkfbout_xilinx_clk_mngr |
| src2      | g2        | LUT2/O              | None       | SLICE_X80Y192   | X1Y3         |           1 |               0 |                     |                               | i_pulpissimo/soc_domain_i/pulp_soc_i/soc_peripherals_i/i_udma/i_i2s_udma/i_clkws_gen/i_pdm_cg/clk_o_INST_0/O      | i_pulpissimo/soc_domain_i/pulp_soc_i/soc_peripherals_i/i_udma/i_i2s_udma/i_clkws_gen/i_pdm_cg/clk_o           |
| src3      | g3        | IBUF/O              | IOB_X0Y218 | IOB_X0Y218      | X0Y4         |           1 |               0 |             100.000 | tck                           | pad_jtag_tck_IBUF_inst/O                                                                                          | pad_jtag_tck_IBUF                                                                                             |
| src4      | g5, g6    | MMCME2_ADV/CLKOUT0  | None       | MMCME2_ADV_X1Y0 | X1Y0         |           2 |               0 |             125.000 | clk_out1_xilinx_slow_clk_mngr | i_pulpissimo/safe_domain_i/i_slow_clk_gen/i_slow_clk_mngr/inst/mmcm_adv_inst/CLKOUT0                              | i_pulpissimo/safe_domain_i/i_slow_clk_gen/i_slow_clk_mngr/inst/clk_out1_xilinx_slow_clk_mngr                  |
| src4      | g7        | MMCME2_ADV/CLKFBOUT | None       | MMCME2_ADV_X1Y0 | X1Y0         |           1 |               0 |               5.000 | clkfbout_xilinx_slow_clk_mngr | i_pulpissimo/safe_domain_i/i_slow_clk_gen/i_slow_clk_mngr/inst/mmcm_adv_inst/CLKFBOUT                             | i_pulpissimo/safe_domain_i/i_slow_clk_gen/i_slow_clk_mngr/inst/clkfbout_xilinx_slow_clk_mngr                  |
| src5      | g9        | LUT1/O              | None       | SLICE_X80Y196   | X1Y3         |           1 |               0 |             100.000 | tck                           | i_pulpissimo/soc_domain_i/pulp_soc_i/i_dmi_jtag/i_dmi_jtag_tap/i_tck_inv/i_tc_clk_inverter/clk_o_INST_0/O         | i_pulpissimo/soc_domain_i/pulp_soc_i/i_dmi_jtag/i_dmi_jtag_tap/i_tck_inv/i_tc_clk_inverter/clk_o              |
| src6      | g10       | BUFGCTRL/O          | None       | BUFGCTRL_X0Y1   | n/a          |           9 |               0 |             125.000 | clk_out1_xilinx_slow_clk_mngr | i_pulpissimo/safe_domain_i/i_slow_clk_gen/i_slow_clk_mngr/inst/clkout1_buf/O                                      | i_pulpissimo/safe_domain_i/i_slow_clk_gen/i_slow_clk_mngr/inst/clk_out1                                       |
+-----------+-----------+---------------------+------------+-----------------+--------------+-------------+-----------------+---------------------+-------------------------------+-------------------------------------------------------------------------------------------------------------------+---------------------------------------------------------------------------------------------------------------+
* Clock Loads column represents the clock pin loads (pin count)
** Non-Clock Loads column represents the non-clock pin loads (pin count)


4. Local Clock Details
----------------------

+----------+-----------------+------------+-------------------+--------------+-------------+-----------------+--------------+-------+--------------------------------------------------------------------------------------------------------------+------------------------------------------------------------------------------------------------------+
| Local Id | Driver Type/Pin | Constraint | Site/BEL          | Clock Region | Clock Loads | Non-Clock Loads | Clock Period | Clock | Driver Pin                                                                                                   | Net                                                                                                  |
+----------+-----------------+------------+-------------------+--------------+-------------+-----------------+--------------+-------+--------------------------------------------------------------------------------------------------------------+------------------------------------------------------------------------------------------------------||
| 0        | FDCE/Q          | None       | SLICE_X79Y144/AFF | X0Y2         |         997 |               1 |              |       | i_pulpissimo/soc_domain_i/pulp_soc_i/soc_peripherals_i/i_udma/i_hyper/udma_hyperbus_i/ddr_clk/r_clk0_o_reg/Q | i_pulpissimo/soc_domain_i/pulp_soc_i/soc_peripherals_i/i_udma/i_hyper/udma_hyperbus_i/ddr_clk/clk0_o - Static -
| 1        | FDCE/Q          | None       | SLICE_X99Y137/AFF | X1Y2         |           1 |              22 |              |       | i_pulpissimo/soc_domain_i/pulp_soc_i/soc_peripherals_i/i_udma/i_i2s_udma/i_clkws_gen/i_clkgen0/r_clk_reg/Q   | i_pulpissimo/soc_domain_i/pulp_soc_i/soc_peripherals_i/i_udma/i_i2s_udma/i_clkws_gen/i_clkgen0/sck_o - Static -
+----------+-----------------+------------+-------------------+--------------+-------------+-----------------+--------------+-------+--------------------------------------------------------------------------------------------------------------+------------------------------------------------------------------------------------------------------||
* Local Clocks in this context represents only clocks driven by non-global buffers
** Clock Loads column represents the clock pin loads (pin count)
*** Non-Clock Loads column represents the non-clock pin loads (pin count)


5. Clock Regions: Key Resource Utilization
------------------------------------------

+-------------------+--------------+--------------+--------------+--------------+--------------+--------------+--------------+--------------+--------------+--------------+--------------+--------------+--------------+--------------+--------------+
|                   | Global Clock |     BUFRs    |    BUFMRs    |    BUFIOs    |     MMCM     |      PLL     |      GT      |      PCI     |    ILOGIC    |    OLOGIC    |      FF      |     LUTM     |    RAMB18    |    RAMB36    |    DSP48E2   |
+-------------------+------+-------+------+-------+------+-------+------+-------+------+-------+------+-------+------+-------+------+-------+------+-------+------+-------+------+-------+------+-------+------+-------+------+-------+------+-------+
| Clock Region Name | Used | Avail | Used | Avail | Used | Avail | Used | Avail | Used | Avail | Used | Avail | Used | Avail | Used | Avail | Used | Avail | Used | Avail | Used | Avail | Used | Avail | Used | Avail | Used | Avail | Used | Avail |
+-------------------+------+-------+------+-------+------+-------+------+-------+------+-------+------+-------+------+-------+------+-------+------+-------+------+-------+------+-------+------+-------+------+-------+------+-------+------+-------+
| X0Y0              |    2 |    12 |    0 |     4 |    0 |     2 |    0 |     4 |    0 |     1 |    0 |     1 |    0 |     0 |    0 |     0 |    0 |    50 |    0 |    50 | 1529 |  4000 |  554 |  1150 |    0 |    60 |   27 |    30 |    0 |    60 |
| X1Y0              |    3 |    12 |    0 |     4 |    0 |     2 |    0 |     4 |    1 |     1 |    0 |     1 |    0 |     0 |    0 |     0 |    0 |    50 |    0 |    50 |  846 |  3700 |  323 |  1200 |    0 |    80 |   28 |    40 |    0 |    60 |
| X0Y1              |    3 |    12 |    0 |     4 |    0 |     2 |    0 |     4 |    0 |     1 |    0 |     1 |    0 |     0 |    0 |     0 |    0 |    50 |    0 |    50 |  388 |  4000 |  107 |  1150 |    0 |    60 |   30 |    30 |    0 |    60 |
| X1Y1              |    5 |    12 |    0 |     4 |    0 |     2 |    0 |     4 |    1 |     1 |    0 |     1 |    0 |     0 |    0 |     0 |    0 |    50 |    0 |    50 | 4541 |  3700 | 1623 |  1200 |    0 |    80 |   38 |    40 |    0 |    60 |
| X0Y2              |    3 |    12 |    0 |     4 |    0 |     2 |    0 |     4 |    0 |     1 |    0 |     1 |    0 |     0 |    0 |     0 |    0 |    50 |    0 |    50 | 1137 |  3400 |  382 |  1150 |    0 |    60 |   11 |    30 |    0 |    60 |
| X1Y2              |    5 |    12 |    0 |     4 |    0 |     2 |    0 |     4 |    0 |     1 |    0 |     1 |    0 |     0 |    0 |     0 |    0 |    50 |    0 |    50 | 4284 |  3700 | 1600 |  1200 |    0 |    80 |   10 |    40 |    0 |    60 |
| X0Y3              |    2 |    12 |    0 |     4 |    0 |     2 |    0 |     4 |    0 |     1 |    0 |     1 |    0 |     0 |    0 |     0 |    0 |    50 |    0 |    50 | 5279 |  3400 | 1689 |  1150 |    0 |    60 |    0 |    30 |    0 |    60 |
| X1Y3              |    3 |    12 |    0 |     0 |    0 |     0 |    0 |     0 |    0 |     0 |    0 |     0 |    0 |     4 |    0 |     1 |    0 |     0 |    0 |     0 | 5252 |  3150 | 1764 |  1050 |    0 |    50 |    0 |    25 |    0 |    60 |
| X0Y4              |    1 |    12 |    0 |     4 |    0 |     2 |    0 |     4 |    0 |     1 |    0 |     1 |    0 |     0 |    0 |     0 |    0 |    50 |    0 |    50 | 2458 |  4000 |  778 |  1150 |    0 |    60 |    0 |    30 |    0 |    60 |
| X1Y4              |    1 |    12 |    0 |     0 |    0 |     0 |    0 |     0 |    0 |     0 |    0 |     0 |    0 |     4 |    0 |     0 |    0 |     0 |    0 |     0 | 2671 |  3300 |  855 |  1100 |    0 |    60 |    0 |    30 |    0 |    60 |
| X0Y5              |    0 |    12 |    0 |     4 |    0 |     2 |    0 |     4 |    0 |     1 |    0 |     1 |    0 |     0 |    0 |     0 |    0 |    50 |    0 |    50 |    0 |  4000 |    0 |  1150 |    0 |    60 |    0 |    30 |    0 |    60 |
| X1Y5              |    0 |    12 |    0 |     0 |    0 |     0 |    0 |     0 |    0 |     0 |    0 |     0 |    0 |     4 |    0 |     0 |    0 |     0 |    0 |     0 |    0 |  3300 |    0 |  1100 |    0 |    60 |    0 |    30 |    0 |    60 |
| X0Y6              |    0 |    12 |    0 |     4 |    0 |     2 |    0 |     4 |    0 |     1 |    0 |     1 |    0 |     0 |    0 |     0 |    0 |    50 |    0 |    50 |    0 |  4000 |    0 |  1150 |    0 |    60 |    0 |    30 |    0 |    60 |
| X1Y6              |    0 |    12 |    0 |     0 |    0 |     0 |    0 |     0 |    0 |     0 |    0 |     0 |    0 |     4 |    0 |     0 |    0 |     0 |    0 |     0 |    0 |  3300 |    0 |  1100 |    0 |    60 |    0 |    30 |    0 |    60 |
+-------------------+------+-------+------+-------+------+-------+------+-------+------+-------+------+-------+------+-------+------+-------+------+-------+------+-------+------+-------+------+-------+------+-------+------+-------+------+-------+
* Global Clock column represents track count; while other columns represents cell counts


6. Clock Regions : Global Clock Summary
---------------------------------------

All Modules
+----+----+----+
|    | X0 | X1 |
+----+----+----+
| Y6 |  0 |  0 |
| Y5 |  0 |  0 |
| Y4 |  1 |  1 |
| Y3 |  2 |  3 |
| Y2 |  3 |  5 |
| Y1 |  3 |  5 |
| Y0 |  2 |  3 |
+----+----+----+


7. Device Cell Placement Summary for Global Clock g0
----------------------------------------------------

+-----------+-----------------+-------------------+--------------------------+-------------+----------------+-------------+----------+----------------+----------+---------------------------------------------------------------------------------------------------------------+
| Global Id | Driver Type/Pin | Driver Region (D) | Clock                    | Period (ns) | Waveform (ns)  | Slice Loads | IO Loads | Clocking Loads | GT Loads | Net                                                                                                           |
+-----------+-----------------+-------------------+--------------------------+-------------+----------------+-------------+----------+----------------+----------+---------------------------------------------------------------------------------------------------------------+
| g0        | BUFG/O          | n/a               | clk_out1_xilinx_clk_mngr |      50.000 | {0.000 25.000} |       16187 |        0 |              0 |        0 | i_pulpissimo/soc_domain_i/pulp_soc_i/soc_peripherals_i/i_udma/i_udmacore/genblk1[8].i_clk_gate_sys/clk_o_BUFG |
+-----------+-----------------+-------------------+--------------------------+-------------+----------------+-------------+----------+----------------+----------+---------------------------------------------------------------------------------------------------------------+
* Slice Loads column represents load cell count of all cell types other than IO, GT and clock resources
** IO Loads column represents load cell count of IO types
*** Clocking Loads column represents load cell count that are clock resources (global clock buffer, MMCM, PLL, etc)
**** GT Loads column represents load cell count of GT types


+----+-------+-------+
|    | X0    | X1    |
+----+-------+-------+
| Y6 |     0 |     0 |
| Y5 |     0 |     0 |
| Y4 |  2458 |  2671 |
| Y3 |  4861 |  5249 |
| Y2 |   607 |   341 |
| Y1 |     0 |     0 |
| Y0 |     0 |     0 |
+----+-------+-------+


8. Device Cell Placement Summary for Global Clock g1
----------------------------------------------------

+-----------+-----------------+-------------------+--------------------------+-------------+----------------+-------------+----------+----------------+----------+-----------------------------------------------------------------------------------------------+
| Global Id | Driver Type/Pin | Driver Region (D) | Clock                    | Period (ns) | Waveform (ns)  | Slice Loads | IO Loads | Clocking Loads | GT Loads | Net                                                                                           |
+-----------+-----------------+-------------------+--------------------------+-------------+----------------+-------------+----------+----------------+----------+-----------------------------------------------------------------------------------------------+
| g1        | BUFG/O          | n/a               | clk_out1_xilinx_clk_mngr |      50.000 | {0.000 25.000} |        7541 |        0 |              0 |        0 | i_pulpissimo/soc_domain_i/pulp_soc_i/i_clk_rst_gen/i_fpga_clk_gen/i_clk_manager/inst/clk_out1 |
+-----------+-----------------+-------------------+--------------------------+-------------+----------------+-------------+----------+----------------+----------+-----------------------------------------------------------------------------------------------+
* Slice Loads column represents load cell count of all cell types other than IO, GT and clock resources
** IO Loads column represents load cell count of IO types
*** Clocking Loads column represents load cell count that are clock resources (global clock buffer, MMCM, PLL, etc)
**** GT Loads column represents load cell count of GT types


+----+-------+-------+
|    | X0    | X1    |
+----+-------+-------+
| Y6 |     0 |     0 |
| Y5 |     0 |     0 |
| Y4 |     0 |     0 |
| Y3 |     0 |     0 |
| Y2 |    11 |   801 |
| Y1 |   376 |  3950 |
| Y0 |  1548 |   855 |
+----+-------+-------+


9. Device Cell Placement Summary for Global Clock g2
----------------------------------------------------

+-----------+-----------------+-------------------+-------+-------------+---------------+-------------+----------+----------------+----------+----------------------------------------------------------------------------------------------------------+
| Global Id | Driver Type/Pin | Driver Region (D) | Clock | Period (ns) | Waveform (ns) | Slice Loads | IO Loads | Clocking Loads | GT Loads | Net                                                                                                      |
+-----------+-----------------+-------------------+-------+-------------+---------------+-------------+----------+----------------+----------+----------------------------------------------------------------------------------------------------------+
| g2        | BUFG/O          | n/a               |       |             |               |        3086 |        0 |              0 |        0 | i_pulpissimo/soc_domain_i/pulp_soc_i/soc_peripherals_i/i_udma/i_i2s_udma/i_clkws_gen/i_pdm_cg/clk_o_BUFG |
+-----------+-----------------+-------------------+-------+-------------+---------------+-------------+----------+----------------+----------+----------------------------------------------------------------------------------------------------------+
* Slice Loads column represents load cell count of all cell types other than IO, GT and clock resources
** IO Loads column represents load cell count of IO types
*** Clocking Loads column represents load cell count that are clock resources (global clock buffer, MMCM, PLL, etc)
**** GT Loads column represents load cell count of GT types


+----+----+-------+
|    | X0 | X1    |
+----+----+-------+
| Y6 |  0 |     0 |
| Y5 |  0 |     0 |
| Y4 |  0 |     0 |
| Y3 |  0 |     0 |
| Y2 |  0 |  3086 |
| Y1 |  0 |     0 |
| Y0 |  0 |     0 |
+----+----+-------+


10. Device Cell Placement Summary for Global Clock g3
-----------------------------------------------------

+-----------+-----------------+-------------------+-------+-------------+----------------+-------------+----------+----------------+----------+------------------------+
| Global Id | Driver Type/Pin | Driver Region (D) | Clock | Period (ns) | Waveform (ns)  | Slice Loads | IO Loads | Clocking Loads | GT Loads | Net                    |
+-----------+-----------------+-------------------+-------+-------------+----------------+-------------+----------+----------------+----------+------------------------+
| g3        | BUFG/O          | n/a               | tck   |     100.000 | {0.000 50.000} |         696 |        0 |              1 |        0 | pad_jtag_tck_IBUF_BUFG |
+-----------+-----------------+-------------------+-------+-------------+----------------+-------------+----------+----------------+----------+------------------------+
* Slice Loads column represents load cell count of all cell types other than IO, GT and clock resources
** IO Loads column represents load cell count of IO types
*** Clocking Loads column represents load cell count that are clock resources (global clock buffer, MMCM, PLL, etc)
**** GT Loads column represents load cell count of GT types


+----+-----+------+
|    | X0  | X1   |
+----+-----+------+
| Y6 |   0 |    0 |
| Y5 |   0 |    0 |
| Y4 |   0 |    0 |
| Y3 |   0 |    1 |
| Y2 |   0 |    0 |
| Y1 |  44 |  632 |
| Y0 |   0 |   19 |
+----+-----+------+


11. Device Cell Placement Summary for Global Clock g4
-----------------------------------------------------

+-----------+-----------------+-------------------+--------------------------+-------------+----------------+-------------+----------+----------------+----------+-----------------------------------------------------------------------------------------------+
| Global Id | Driver Type/Pin | Driver Region (D) | Clock                    | Period (ns) | Waveform (ns)  | Slice Loads | IO Loads | Clocking Loads | GT Loads | Net                                                                                           |
+-----------+-----------------+-------------------+--------------------------+-------------+----------------+-------------+----------+----------------+----------+-----------------------------------------------------------------------------------------------+
| g4        | BUFG/O          | n/a               | clk_out2_xilinx_clk_mngr |     100.000 | {0.000 50.000} |          28 |        0 |              0 |        0 | i_pulpissimo/soc_domain_i/pulp_soc_i/i_clk_rst_gen/i_fpga_clk_gen/i_clk_manager/inst/clk_out2 |
+-----------+-----------------+-------------------+--------------------------+-------------+----------------+-------------+----------+----------------+----------+-----------------------------------------------------------------------------------------------+
* Slice Loads column represents load cell count of all cell types other than IO, GT and clock resources
** IO Loads column represents load cell count of IO types
*** Clocking Loads column represents load cell count that are clock resources (global clock buffer, MMCM, PLL, etc)
**** GT Loads column represents load cell count of GT types


+----+----+-----+
|    | X0 | X1  |
+----+----+-----+
| Y6 |  0 |   0 |
| Y5 |  0 |   0 |
| Y4 |  0 |   0 |
| Y3 |  0 |   0 |
| Y2 |  4 |  23 |
| Y1 |  1 |   0 |
| Y0 |  0 |   0 |
+----+----+-----+


12. Device Cell Placement Summary for Global Clock g5
-----------------------------------------------------

+-----------+-----------------+-------------------+-------------------------------+-------------+----------------+-------------+----------+----------------+----------+-------------------------------------------------------------------------+
| Global Id | Driver Type/Pin | Driver Region (D) | Clock                         | Period (ns) | Waveform (ns)  | Slice Loads | IO Loads | Clocking Loads | GT Loads | Net                                                                     |
+-----------+-----------------+-------------------+-------------------------------+-------------+----------------+-------------+----------+----------------+----------+-------------------------------------------------------------------------+
| g5        | BUFGCTRL/O      | n/a               | clk_out1_xilinx_slow_clk_mngr |     125.000 | {0.000 62.500} |           8 |        0 |              1 |        0 | i_pulpissimo/safe_domain_i/i_slow_clk_gen/i_slow_clk_mngr/inst/clk_out1 |
+-----------+-----------------+-------------------+-------------------------------+-------------+----------------+-------------+----------+----------------+----------+-------------------------------------------------------------------------+
* Slice Loads column represents load cell count of all cell types other than IO, GT and clock resources
** IO Loads column represents load cell count of IO types
*** Clocking Loads column represents load cell count that are clock resources (global clock buffer, MMCM, PLL, etc)
**** GT Loads column represents load cell count of GT types


+----+----+----+
|    | X0 | X1 |
+----+----+----+
| Y6 |  0 |  0 |
| Y5 |  0 |  0 |
| Y4 |  0 |  0 |
| Y3 |  5 |  3 |
| Y2 |  0 |  0 |
| Y1 |  0 |  0 |
| Y0 |  0 |  0 |
+----+----+----+


13. Device Cell Placement Summary for Global Clock g6
-----------------------------------------------------

+-----------+-----------------+-------------------+-------------------------------+-------------+----------------+-------------+----------+----------------+----------+-----------------------------------------------------------------------------------------------------+
| Global Id | Driver Type/Pin | Driver Region (D) | Clock                         | Period (ns) | Waveform (ns)  | Slice Loads | IO Loads | Clocking Loads | GT Loads | Net                                                                                                 |
+-----------+-----------------+-------------------+-------------------------------+-------------+----------------+-------------+----------+----------------+----------+-----------------------------------------------------------------------------------------------------+
| g6        | BUFH/O          | X0Y0              | clk_out1_xilinx_slow_clk_mngr |     125.000 | {0.000 62.500} |           8 |        0 |              0 |        0 | i_pulpissimo/safe_domain_i/i_slow_clk_gen/i_slow_clk_mngr/inst/clk_out1_xilinx_slow_clk_mngr_en_clk |
+-----------+-----------------+-------------------+-------------------------------+-------------+----------------+-------------+----------+----------------+----------+-----------------------------------------------------------------------------------------------------+
* Slice Loads column represents load cell count of all cell types other than IO, GT and clock resources
** IO Loads column represents load cell count of IO types
*** Clocking Loads column represents load cell count that are clock resources (global clock buffer, MMCM, PLL, etc)
**** GT Loads column represents load cell count of GT types


+----+--------+----+
|    | X0     | X1 |
+----+--------+----+
| Y6 |      0 |  0 |
| Y5 |      0 |  0 |
| Y4 |      0 |  0 |
| Y3 |      0 |  0 |
| Y2 |      0 |  0 |
| Y1 |      0 |  0 |
| Y0 |  (D) 8 |  0 |
+----+--------+----+


14. Device Cell Placement Summary for Global Clock g7
-----------------------------------------------------

+-----------+-----------------+-------------------+-------------------------------+-------------+---------------+-------------+----------+----------------+----------+--------------------------------------------------------------------------------------------------+
| Global Id | Driver Type/Pin | Driver Region (D) | Clock                         | Period (ns) | Waveform (ns) | Slice Loads | IO Loads | Clocking Loads | GT Loads | Net                                                                                              |
+-----------+-----------------+-------------------+-------------------------------+-------------+---------------+-------------+----------+----------------+----------+--------------------------------------------------------------------------------------------------+
| g7        | BUFG/O          | n/a               | clkfbout_xilinx_slow_clk_mngr |       5.000 | {0.000 2.500} |           0 |        0 |              1 |        0 | i_pulpissimo/safe_domain_i/i_slow_clk_gen/i_slow_clk_mngr/inst/clkfbout_buf_xilinx_slow_clk_mngr |
+-----------+-----------------+-------------------+-------------------------------+-------------+---------------+-------------+----------+----------------+----------+--------------------------------------------------------------------------------------------------+
* Slice Loads column represents load cell count of all cell types other than IO, GT and clock resources
** IO Loads column represents load cell count of IO types
*** Clocking Loads column represents load cell count that are clock resources (global clock buffer, MMCM, PLL, etc)
**** GT Loads column represents load cell count of GT types


+----+----+----+
|    | X0 | X1 |
+----+----+----+
| Y6 |  0 |  0 |
| Y5 |  0 |  0 |
| Y4 |  0 |  0 |
| Y3 |  0 |  0 |
| Y2 |  0 |  0 |
| Y1 |  0 |  0 |
| Y0 |  0 |  1 |
+----+----+----+


15. Device Cell Placement Summary for Global Clock g8
-----------------------------------------------------

+-----------+-----------------+-------------------+--------------------------+-------------+---------------+-------------+----------+----------------+----------+-------------------------------------------------------------------------------------------------------------------+
| Global Id | Driver Type/Pin | Driver Region (D) | Clock                    | Period (ns) | Waveform (ns) | Slice Loads | IO Loads | Clocking Loads | GT Loads | Net                                                                                                               |
+-----------+-----------------+-------------------+--------------------------+-------------+---------------+-------------+----------+----------------+----------+-------------------------------------------------------------------------------------------------------------------+
| g8        | BUFG/O          | n/a               | clkfbout_xilinx_clk_mngr |       5.000 | {0.000 2.500} |           0 |        0 |              1 |        0 | i_pulpissimo/soc_domain_i/pulp_soc_i/i_clk_rst_gen/i_fpga_clk_gen/i_clk_manager/inst/clkfbout_buf_xilinx_clk_mngr |
+-----------+-----------------+-------------------+--------------------------+-------------+---------------+-------------+----------+----------------+----------+-------------------------------------------------------------------------------------------------------------------+
* Slice Loads column represents load cell count of all cell types other than IO, GT and clock resources
** IO Loads column represents load cell count of IO types
*** Clocking Loads column represents load cell count that are clock resources (global clock buffer, MMCM, PLL, etc)
**** GT Loads column represents load cell count of GT types


+----+----+----+
|    | X0 | X1 |
+----+----+----+
| Y6 |  0 |  0 |
| Y5 |  0 |  0 |
| Y4 |  0 |  0 |
| Y3 |  0 |  0 |
| Y2 |  0 |  0 |
| Y1 |  0 |  1 |
| Y0 |  0 |  0 |
+----+----+----+


16. Device Cell Placement Summary for Global Clock g9
-----------------------------------------------------

+-----------+-----------------+-------------------+-------+-------------+----------------+-------------+----------+----------------+----------+--------------------------------------------------------------------------------------------------+
| Global Id | Driver Type/Pin | Driver Region (D) | Clock | Period (ns) | Waveform (ns)  | Slice Loads | IO Loads | Clocking Loads | GT Loads | Net                                                                                              |
+-----------+-----------------+-------------------+-------+-------------+----------------+-------------+----------+----------------+----------+--------------------------------------------------------------------------------------------------+
| g9        | BUFGCTRL/O      | n/a               | tck   |     100.000 | {0.000 50.000} |           1 |        0 |              0 |        0 | i_pulpissimo/soc_domain_i/pulp_soc_i/i_dmi_jtag/i_dmi_jtag_tap/i_dft_tck_mux/i_tc_clk_mux2/clk_o |
+-----------+-----------------+-------------------+-------+-------------+----------------+-------------+----------+----------------+----------+--------------------------------------------------------------------------------------------------+
* Slice Loads column represents load cell count of all cell types other than IO, GT and clock resources
** IO Loads column represents load cell count of IO types
*** Clocking Loads column represents load cell count that are clock resources (global clock buffer, MMCM, PLL, etc)
**** GT Loads column represents load cell count of GT types


+----+----+----+
|    | X0 | X1 |
+----+----+----+
| Y6 |  0 |  0 |
| Y5 |  0 |  0 |
| Y4 |  0 |  0 |
| Y3 |  0 |  0 |
| Y2 |  0 |  0 |
| Y1 |  0 |  1 |
| Y0 |  0 |  0 |
+----+----+----+


17. Device Cell Placement Summary for Global Clock g10
------------------------------------------------------

+-----------+-----------------+-------------------+-------------------------------+-------------+----------------+-------------+----------+----------------+----------+------------------------------------------------------+
| Global Id | Driver Type/Pin | Driver Region (D) | Clock                         | Period (ns) | Waveform (ns)  | Slice Loads | IO Loads | Clocking Loads | GT Loads | Net                                                  |
+-----------+-----------------+-------------------+-------------------------------+-------------+----------------+-------------+----------+----------------+----------+------------------------------------------------------+
| g10       | BUFGCTRL/O      | n/a               | clk_out1_xilinx_slow_clk_mngr |     125.000 | {0.000 62.500} |           7 |        0 |              0 |        0 | i_pulpissimo/safe_domain_i/i_slow_clk_gen/slow_clk_o |
+-----------+-----------------+-------------------+-------------------------------+-------------+----------------+-------------+----------+----------------+----------+------------------------------------------------------+
* Slice Loads column represents load cell count of all cell types other than IO, GT and clock resources
** IO Loads column represents load cell count of IO types
*** Clocking Loads column represents load cell count that are clock resources (global clock buffer, MMCM, PLL, etc)
**** GT Loads column represents load cell count of GT types


+----+----+----+
|    | X0 | X1 |
+----+----+----+
| Y6 |  0 |  0 |
| Y5 |  0 |  0 |
| Y4 |  0 |  0 |
| Y3 |  0 |  0 |
| Y2 |  0 |  1 |
| Y1 |  0 |  6 |
| Y0 |  0 |  0 |
+----+----+----+


18. Clock Region Cell Placement per Global Clock: Region X0Y0
-------------------------------------------------------------

+-----------+-------+-----------------+------------+-------------+-----------------+------+--------+------+-----+----+------+-----+---------+-----------------------------------------------------------------------------------------------------+
| Global Id | Track | Driver Type/Pin | Constraint | Clock Loads | Non-Clock Loads | FF   | LUTRAM | RAMB | DSP | GT | MMCM | PLL | Hard IP | Net                                                                                                 |
+-----------+-------+-----------------+------------+-------------+-----------------+------+--------+------+-----+----+------+-----+---------+-----------------------------------------------------------------------------------------------------+
| g1        | n/a   | BUFG/O          | None       |        1548 |               0 | 1521 |      0 |   27 |   0 |  0 |    0 |   0 |       0 | i_pulpissimo/soc_domain_i/pulp_soc_i/i_clk_rst_gen/i_fpga_clk_gen/i_clk_manager/inst/clk_out1       |
| g6        | n/a   | BUFH/O          | None       |           8 |               0 |    8 |      0 |    0 |   0 |  0 |    0 |   0 |       0 | i_pulpissimo/safe_domain_i/i_slow_clk_gen/i_slow_clk_mngr/inst/clk_out1_xilinx_slow_clk_mngr_en_clk |
+-----------+-------+-----------------+------------+-------------+-----------------+------+--------+------+-----+----+------+-----+---------+-----------------------------------------------------------------------------------------------------+
* Clock Loads column represents the clock pin loads (pin count)
** Non-Clock Loads column represents the non-clock pin loads (pin count)
*** Columns FF, LUTRAM, RAMB through 'Hard IP' represents load cell counts


19. Clock Region Cell Placement per Global Clock: Region X1Y0
-------------------------------------------------------------

+-----------+-------+-----------------+------------+-------------+-----------------+-----+--------+------+-----+----+------+-----+---------+--------------------------------------------------------------------------------------------------+
| Global Id | Track | Driver Type/Pin | Constraint | Clock Loads | Non-Clock Loads | FF  | LUTRAM | RAMB | DSP | GT | MMCM | PLL | Hard IP | Net                                                                                              |
+-----------+-------+-----------------+------------+-------------+-----------------+-----+--------+------+-----+----+------+-----+---------+--------------------------------------------------------------------------------------------------+
| g1        | n/a   | BUFG/O          | None       |         855 |               0 | 827 |      0 |   28 |   0 |  0 |    0 |   0 |       0 | i_pulpissimo/soc_domain_i/pulp_soc_i/i_clk_rst_gen/i_fpga_clk_gen/i_clk_manager/inst/clk_out1    |
| g3        | n/a   | BUFG/O          | None       |          19 |               0 |  19 |      0 |    0 |   0 |  0 |    0 |   0 |       0 | pad_jtag_tck_IBUF_BUFG                                                                           |
| g7        | n/a   | BUFG/O          | None       |           1 |               0 |   0 |      0 |    0 |   0 |  0 |    1 |   0 |       0 | i_pulpissimo/safe_domain_i/i_slow_clk_gen/i_slow_clk_mngr/inst/clkfbout_buf_xilinx_slow_clk_mngr |
+-----------+-------+-----------------+------------+-------------+-----------------+-----+--------+------+-----+----+------+-----+---------+--------------------------------------------------------------------------------------------------+
* Clock Loads column represents the clock pin loads (pin count)
** Non-Clock Loads column represents the non-clock pin loads (pin count)
*** Columns FF, LUTRAM, RAMB through 'Hard IP' represents load cell counts


20. Clock Region Cell Placement per Global Clock: Region X0Y1
-------------------------------------------------------------

+-----------+-------+-----------------+------------+-------------+-----------------+-----+--------+------+-----+----+------+-----+---------+-----------------------------------------------------------------------------------------------+
| Global Id | Track | Driver Type/Pin | Constraint | Clock Loads | Non-Clock Loads | FF  | LUTRAM | RAMB | DSP | GT | MMCM | PLL | Hard IP | Net                                                                                           |
+-----------+-------+-----------------+------------+-------------+-----------------+-----+--------+------+-----+----+------+-----+---------+-----------------------------------------------------------------------------------------------+
| g1        | n/a   | BUFG/O          | None       |         375 |               1 | 344 |      0 |   30 |   0 |  0 |    0 |   0 |       0 | i_pulpissimo/soc_domain_i/pulp_soc_i/i_clk_rst_gen/i_fpga_clk_gen/i_clk_manager/inst/clk_out1 |
| g3        | n/a   | BUFG/O          | None       |          44 |               0 |  44 |      0 |    0 |   0 |  0 |    0 |   0 |       0 | pad_jtag_tck_IBUF_BUFG                                                                        |
| g4        | n/a   | BUFG/O          | None       |           0 |               1 |   0 |      0 |    0 |   0 |  0 |    0 |   0 |       0 | i_pulpissimo/soc_domain_i/pulp_soc_i/i_clk_rst_gen/i_fpga_clk_gen/i_clk_manager/inst/clk_out2 |
+-----------+-------+-----------------+------------+-------------+-----------------+-----+--------+------+-----+----+------+-----+---------+-----------------------------------------------------------------------------------------------+
* Clock Loads column represents the clock pin loads (pin count)
** Non-Clock Loads column represents the non-clock pin loads (pin count)
*** Columns FF, LUTRAM, RAMB through 'Hard IP' represents load cell counts


21. Clock Region Cell Placement per Global Clock: Region X1Y1
-------------------------------------------------------------

+-----------+-------+-----------------+------------+-------------+-----------------+------+--------+------+-----+----+------+-----+---------+-------------------------------------------------------------------------------------------------------------------+
| Global Id | Track | Driver Type/Pin | Constraint | Clock Loads | Non-Clock Loads | FF   | LUTRAM | RAMB | DSP | GT | MMCM | PLL | Hard IP | Net                                                                                                               |
+-----------+-------+-----------------+------------+-------------+-----------------+------+--------+------+-----+----+------+-----+---------+-------------------------------------------------------------------------------------------------------------------+
| g1        | n/a   | BUFG/O          | None       |        3946 |               4 | 3904 |      0 |   38 |   0 |  0 |    0 |   0 |       0 | i_pulpissimo/soc_domain_i/pulp_soc_i/i_clk_rst_gen/i_fpga_clk_gen/i_clk_manager/inst/clk_out1                     |
| g3        | n/a   | BUFG/O          | None       |         632 |               0 |  632 |      0 |    0 |   0 |  0 |    0 |   0 |       0 | pad_jtag_tck_IBUF_BUFG                                                                                            |
| g8        | n/a   | BUFG/O          | None       |           1 |               0 |    0 |      0 |    0 |   0 |  0 |    1 |   0 |       0 | i_pulpissimo/soc_domain_i/pulp_soc_i/i_clk_rst_gen/i_fpga_clk_gen/i_clk_manager/inst/clkfbout_buf_xilinx_clk_mngr |
| g9        | n/a   | BUFGCTRL/O      | None       |           1 |               0 |    1 |      0 |    0 |   0 |  0 |    0 |   0 |       0 | i_pulpissimo/soc_domain_i/pulp_soc_i/i_dmi_jtag/i_dmi_jtag_tap/i_dft_tck_mux/i_tc_clk_mux2/clk_o                  |
| g10       | n/a   | BUFGCTRL/O      | None       |           0 |               6 |    6 |      0 |    0 |   0 |  0 |    0 |   0 |       0 | i_pulpissimo/safe_domain_i/i_slow_clk_gen/slow_clk_o                                                              |
+-----------+-------+-----------------+------------+-------------+-----------------+------+--------+------+-----+----+------+-----+---------+-------------------------------------------------------------------------------------------------------------------+
* Clock Loads column represents the clock pin loads (pin count)
** Non-Clock Loads column represents the non-clock pin loads (pin count)
*** Columns FF, LUTRAM, RAMB through 'Hard IP' represents load cell counts


22. Clock Region Cell Placement per Global Clock: Region X0Y2
-------------------------------------------------------------

+-----------+-------+-----------------+------------+-------------+-----------------+-----+--------+------+-----+----+------+-----+---------+---------------------------------------------------------------------------------------------------------------+
| Global Id | Track | Driver Type/Pin | Constraint | Clock Loads | Non-Clock Loads | FF  | LUTRAM | RAMB | DSP | GT | MMCM | PLL | Hard IP | Net                                                                                                           |
+-----------+-------+-----------------+------------+-------------+-----------------+-----+--------+------+-----+----+------+-----+---------+---------------------------------------------------------------------------------------------------------------+
| g0        | n/a   | BUFG/O          | None       |         607 |               0 | 607 |      0 |    0 |   0 |  0 |    0 |   0 |       0 | i_pulpissimo/soc_domain_i/pulp_soc_i/soc_peripherals_i/i_udma/i_udmacore/genblk1[8].i_clk_gate_sys/clk_o_BUFG |
| g1        | n/a   | BUFG/O          | None       |          11 |               0 |   0 |      0 |   11 |   0 |  0 |    0 |   0 |       0 | i_pulpissimo/soc_domain_i/pulp_soc_i/i_clk_rst_gen/i_fpga_clk_gen/i_clk_manager/inst/clk_out1                 |
| g4        | n/a   | BUFG/O          | None       |           3 |               1 |   2 |      0 |    0 |   0 |  0 |    0 |   0 |       0 | i_pulpissimo/soc_domain_i/pulp_soc_i/i_clk_rst_gen/i_fpga_clk_gen/i_clk_manager/inst/clk_out2                 |
+-----------+-------+-----------------+------------+-------------+-----------------+-----+--------+------+-----+----+------+-----+---------+---------------------------------------------------------------------------------------------------------------+
* Clock Loads column represents the clock pin loads (pin count)
** Non-Clock Loads column represents the non-clock pin loads (pin count)
*** Columns FF, LUTRAM, RAMB through 'Hard IP' represents load cell counts


23. Clock Region Cell Placement per Global Clock: Region X1Y2
-------------------------------------------------------------

+-----------+-------+-----------------+------------+-------------+-----------------+------+--------+------+-----+----+------+-----+---------+---------------------------------------------------------------------------------------------------------------+
| Global Id | Track | Driver Type/Pin | Constraint | Clock Loads | Non-Clock Loads | FF   | LUTRAM | RAMB | DSP | GT | MMCM | PLL | Hard IP | Net                                                                                                           |
+-----------+-------+-----------------+------------+-------------+-----------------+------+--------+------+-----+----+------+-----+---------+---------------------------------------------------------------------------------------------------------------+
| g0        | n/a   | BUFG/O          | None       |         341 |               0 |  341 |      0 |    0 |   0 |  0 |    0 |   0 |       0 | i_pulpissimo/soc_domain_i/pulp_soc_i/soc_peripherals_i/i_udma/i_udmacore/genblk1[8].i_clk_gate_sys/clk_o_BUFG |
| g1        | n/a   | BUFG/O          | None       |         800 |               1 |  789 |      0 |   10 |   0 |  0 |    0 |   0 |       0 | i_pulpissimo/soc_domain_i/pulp_soc_i/i_clk_rst_gen/i_fpga_clk_gen/i_clk_manager/inst/clk_out1                 |
| g2        | n/a   | BUFG/O          | None       |        3086 |               0 | 3086 |      0 |    0 |   0 |  0 |    0 |   0 |       0 | i_pulpissimo/soc_domain_i/pulp_soc_i/soc_peripherals_i/i_udma/i_i2s_udma/i_clkws_gen/i_pdm_cg/clk_o_BUFG      |
| g4        | n/a   | BUFG/O          | None       |          18 |               5 |   12 |      0 |    0 |   0 |  0 |    0 |   0 |       0 | i_pulpissimo/soc_domain_i/pulp_soc_i/i_clk_rst_gen/i_fpga_clk_gen/i_clk_manager/inst/clk_out2                 |
| g10       | n/a   | BUFGCTRL/O      | None       |           0 |               1 |    1 |      0 |    0 |   0 |  0 |    0 |   0 |       0 | i_pulpissimo/safe_domain_i/i_slow_clk_gen/slow_clk_o                                                          |
+-----------+-------+-----------------+------------+-------------+-----------------+------+--------+------+-----+----+------+-----+---------+---------------------------------------------------------------------------------------------------------------+
* Clock Loads column represents the clock pin loads (pin count)
** Non-Clock Loads column represents the non-clock pin loads (pin count)
*** Columns FF, LUTRAM, RAMB through 'Hard IP' represents load cell counts


24. Clock Region Cell Placement per Global Clock: Region X0Y3
-------------------------------------------------------------

+-----------+-------+-----------------+------------+-------------+-----------------+------+--------+------+-----+----+------+-----+---------+---------------------------------------------------------------------------------------------------------------+
| Global Id | Track | Driver Type/Pin | Constraint | Clock Loads | Non-Clock Loads | FF   | LUTRAM | RAMB | DSP | GT | MMCM | PLL | Hard IP | Net                                                                                                           |
+-----------+-------+-----------------+------------+-------------+-----------------+------+--------+------+-----+----+------+-----+---------+---------------------------------------------------------------------------------------------------------------+
| g0        | n/a   | BUFG/O          | None       |        4861 |               0 | 4861 |      0 |    0 |   0 |  0 |    0 |   0 |       0 | i_pulpissimo/soc_domain_i/pulp_soc_i/soc_peripherals_i/i_udma/i_udmacore/genblk1[8].i_clk_gate_sys/clk_o_BUFG |
| g5        | n/a   | BUFGCTRL/O      | None       |           5 |               0 |    5 |      0 |    0 |   0 |  0 |    0 |   0 |       0 | i_pulpissimo/safe_domain_i/i_slow_clk_gen/i_slow_clk_mngr/inst/clk_out1                                       |
+-----------+-------+-----------------+------------+-------------+-----------------+------+--------+------+-----+----+------+-----+---------+---------------------------------------------------------------------------------------------------------------+
* Clock Loads column represents the clock pin loads (pin count)
** Non-Clock Loads column represents the non-clock pin loads (pin count)
*** Columns FF, LUTRAM, RAMB through 'Hard IP' represents load cell counts


25. Clock Region Cell Placement per Global Clock: Region X1Y3
-------------------------------------------------------------

+-----------+-------+-----------------+------------+-------------+-----------------+------+--------+------+-----+----+------+-----+---------+---------------------------------------------------------------------------------------------------------------+
| Global Id | Track | Driver Type/Pin | Constraint | Clock Loads | Non-Clock Loads | FF   | LUTRAM | RAMB | DSP | GT | MMCM | PLL | Hard IP | Net                                                                                                           |
+-----------+-------+-----------------+------------+-------------+-----------------+------+--------+------+-----+----+------+-----+---------+---------------------------------------------------------------------------------------------------------------+
| g0        | n/a   | BUFG/O          | None       |        5249 |               0 | 5249 |      0 |    0 |   0 |  0 |    0 |   0 |       0 | i_pulpissimo/soc_domain_i/pulp_soc_i/soc_peripherals_i/i_udma/i_udmacore/genblk1[8].i_clk_gate_sys/clk_o_BUFG |
| g3        | n/a   | BUFG/O          | None       |           0 |               1 |    0 |      0 |    0 |   0 |  0 |    0 |   0 |       0 | pad_jtag_tck_IBUF_BUFG                                                                                        |
| g5        | n/a   | BUFGCTRL/O      | None       |           3 |               0 |    3 |      0 |    0 |   0 |  0 |    0 |   0 |       0 | i_pulpissimo/safe_domain_i/i_slow_clk_gen/i_slow_clk_mngr/inst/clk_out1                                       |
+-----------+-------+-----------------+------------+-------------+-----------------+------+--------+------+-----+----+------+-----+---------+---------------------------------------------------------------------------------------------------------------+
* Clock Loads column represents the clock pin loads (pin count)
** Non-Clock Loads column represents the non-clock pin loads (pin count)
*** Columns FF, LUTRAM, RAMB through 'Hard IP' represents load cell counts


26. Clock Region Cell Placement per Global Clock: Region X0Y4
-------------------------------------------------------------

+-----------+-------+-----------------+------------+-------------+-----------------+------+--------+------+-----+----+------+-----+---------+---------------------------------------------------------------------------------------------------------------+
| Global Id | Track | Driver Type/Pin | Constraint | Clock Loads | Non-Clock Loads | FF   | LUTRAM | RAMB | DSP | GT | MMCM | PLL | Hard IP | Net                                                                                                           |
+-----------+-------+-----------------+------------+-------------+-----------------+------+--------+------+-----+----+------+-----+---------+---------------------------------------------------------------------------------------------------------------+
| g0        | n/a   | BUFG/O          | None       |        2458 |               0 | 2458 |      0 |    0 |   0 |  0 |    0 |   0 |       0 | i_pulpissimo/soc_domain_i/pulp_soc_i/soc_peripherals_i/i_udma/i_udmacore/genblk1[8].i_clk_gate_sys/clk_o_BUFG |
+-----------+-------+-----------------+------------+-------------+-----------------+------+--------+------+-----+----+------+-----+---------+---------------------------------------------------------------------------------------------------------------+
* Clock Loads column represents the clock pin loads (pin count)
** Non-Clock Loads column represents the non-clock pin loads (pin count)
*** Columns FF, LUTRAM, RAMB through 'Hard IP' represents load cell counts


27. Clock Region Cell Placement per Global Clock: Region X1Y4
-------------------------------------------------------------

+-----------+-------+-----------------+------------+-------------+-----------------+------+--------+------+-----+----+------+-----+---------+---------------------------------------------------------------------------------------------------------------+
| Global Id | Track | Driver Type/Pin | Constraint | Clock Loads | Non-Clock Loads | FF   | LUTRAM | RAMB | DSP | GT | MMCM | PLL | Hard IP | Net                                                                                                           |
+-----------+-------+-----------------+------------+-------------+-----------------+------+--------+------+-----+----+------+-----+---------+---------------------------------------------------------------------------------------------------------------+
| g0        | n/a   | BUFG/O          | None       |        2671 |               0 | 2671 |      0 |    0 |   0 |  0 |    0 |   0 |       0 | i_pulpissimo/soc_domain_i/pulp_soc_i/soc_peripherals_i/i_udma/i_udmacore/genblk1[8].i_clk_gate_sys/clk_o_BUFG |
+-----------+-------+-----------------+------------+-------------+-----------------+------+--------+------+-----+----+------+-----+---------+---------------------------------------------------------------------------------------------------------------+
* Clock Loads column represents the clock pin loads (pin count)
** Non-Clock Loads column represents the non-clock pin loads (pin count)
*** Columns FF, LUTRAM, RAMB through 'Hard IP' represents load cell counts



# Location of BUFG Primitives 
set_property LOC BUFGCTRL_X0Y0 [get_cells pad_jtag_tck_IBUF_BUFG_inst]
set_property LOC BUFGCTRL_X0Y4 [get_cells i_pulpissimo/soc_domain_i/pulp_soc_i/soc_peripherals_i/i_udma/i_udmacore/genblk1[8].i_clk_gate_sys/clk_o_BUFG_inst]
set_property LOC BUFGCTRL_X0Y6 [get_cells i_pulpissimo/soc_domain_i/pulp_soc_i/soc_peripherals_i/i_udma/i_i2s_udma/i_clkws_gen/i_pdm_cg/clk_o_BUFG_inst]
set_property LOC BUFGCTRL_X0Y3 [get_cells i_pulpissimo/soc_domain_i/pulp_soc_i/i_dmi_jtag/i_dmi_jtag_tap/i_dft_tck_mux/i_tc_clk_mux2/i_BUFGMUX]
set_property LOC BUFGCTRL_X0Y10 [get_cells i_pulpissimo/soc_domain_i/pulp_soc_i/i_clk_rst_gen/i_fpga_clk_gen/i_clk_manager/inst/clkf_buf]
set_property LOC BUFGCTRL_X0Y7 [get_cells i_pulpissimo/soc_domain_i/pulp_soc_i/i_clk_rst_gen/i_fpga_clk_gen/i_clk_manager/inst/clkout2_buf]
set_property LOC BUFGCTRL_X0Y5 [get_cells i_pulpissimo/soc_domain_i/pulp_soc_i/i_clk_rst_gen/i_fpga_clk_gen/i_clk_manager/inst/clkout1_buf]
set_property LOC BUFGCTRL_X0Y2 [get_cells i_pulpissimo/safe_domain_i/i_slow_clk_gen/i_clock_gate]
set_property LOC BUFGCTRL_X0Y9 [get_cells i_pulpissimo/safe_domain_i/i_slow_clk_gen/i_slow_clk_mngr/inst/clkf_buf]
set_property LOC BUFGCTRL_X0Y1 [get_cells i_pulpissimo/safe_domain_i/i_slow_clk_gen/i_slow_clk_mngr/inst/clkout1_buf]

# Location of BUFH Primitives 
set_property LOC BUFHCE_X0Y0 [get_cells i_pulpissimo/safe_domain_i/i_slow_clk_gen/i_slow_clk_mngr/inst/clkout1_buf_en]

# Location of IO Primitives which is load of clock spine

# Location of clock ports
set_property LOC IOB_X0Y218 [get_ports pad_jtag_tck]
set_property LOC IOB_X1Y75 [get_ports ref_clk_n]
set_property LOC IOB_X1Y76 [get_ports ref_clk_p]

# Clock net "pad_jtag_tck_IBUF_BUFG" driven by instance "pad_jtag_tck_IBUF_BUFG_inst" located at site "BUFGCTRL_X0Y0"
#startgroup
create_pblock {CLKAG_pad_jtag_tck_IBUF_BUFG}
add_cells_to_pblock [get_pblocks  {CLKAG_pad_jtag_tck_IBUF_BUFG}] [get_cells -filter { PRIMITIVE_GROUP != I/O && IS_PRIMITIVE==1 && PRIMITIVE_LEVEL !=INTERNAL && NAME!=i_pulpissimo/soc_domain_i/pulp_soc_i/i_dmi_jtag/i_dmi_jtag_tap/i_dft_tck_mux/i_tc_clk_mux2/i_BUFGMUX} -of_object [get_pins -filter {DIRECTION==IN} -of_objects [get_nets -hierarchical -filter {PARENT=="pad_jtag_tck_IBUF_BUFG"}]]]
resize_pblock [get_pblocks {CLKAG_pad_jtag_tck_IBUF_BUFG}] -add {CLOCKREGION_X0Y1:CLOCKREGION_X0Y1 CLOCKREGION_X1Y0:CLOCKREGION_X1Y0 CLOCKREGION_X1Y1:CLOCKREGION_X1Y1 CLOCKREGION_X1Y3:CLOCKREGION_X1Y3}
#endgroup

# Clock net "i_pulpissimo/soc_domain_i/pulp_soc_i/soc_peripherals_i/i_udma/i_udmacore/genblk1[8].i_clk_gate_sys/clk_o_BUFG" driven by instance "i_pulpissimo/soc_domain_i/pulp_soc_i/soc_peripherals_i/i_udma/i_udmacore/genblk1[8].i_clk_gate_sys/clk_o_BUFG_inst" located at site "BUFGCTRL_X0Y4"
#startgroup
create_pblock {CLKAG_i_pulpissimo/soc_domain_i/pulp_soc_i/soc_peripherals_i/i_udma/i_udmacore/genblk1[8].i_clk_gate_sys/clk_o_BUFG}
add_cells_to_pblock [get_pblocks  {CLKAG_i_pulpissimo/soc_domain_i/pulp_soc_i/soc_peripherals_i/i_udma/i_udmacore/genblk1[8].i_clk_gate_sys/clk_o_BUFG}] [get_cells -filter { PRIMITIVE_GROUP != I/O && IS_PRIMITIVE==1 && PRIMITIVE_LEVEL !=INTERNAL } -of_object [get_pins -filter {DIRECTION==IN} -of_objects [get_nets -hierarchical -filter {PARENT=="i_pulpissimo/soc_domain_i/pulp_soc_i/soc_peripherals_i/i_udma/i_udmacore/genblk1[8].i_clk_gate_sys/clk_o_BUFG"}]]]
resize_pblock [get_pblocks {CLKAG_i_pulpissimo/soc_domain_i/pulp_soc_i/soc_peripherals_i/i_udma/i_udmacore/genblk1[8].i_clk_gate_sys/clk_o_BUFG}] -add {CLOCKREGION_X0Y2:CLOCKREGION_X0Y2 CLOCKREGION_X0Y3:CLOCKREGION_X0Y3 CLOCKREGION_X0Y4:CLOCKREGION_X0Y4 CLOCKREGION_X1Y2:CLOCKREGION_X1Y2 CLOCKREGION_X1Y3:CLOCKREGION_X1Y3 CLOCKREGION_X1Y4:CLOCKREGION_X1Y4}
#endgroup

# Clock net "i_pulpissimo/soc_domain_i/pulp_soc_i/soc_peripherals_i/i_udma/i_i2s_udma/i_clkws_gen/i_pdm_cg/clk_o_BUFG" driven by instance "i_pulpissimo/soc_domain_i/pulp_soc_i/soc_peripherals_i/i_udma/i_i2s_udma/i_clkws_gen/i_pdm_cg/clk_o_BUFG_inst" located at site "BUFGCTRL_X0Y6"
#startgroup
create_pblock {CLKAG_i_pulpissimo/soc_domain_i/pulp_soc_i/soc_peripherals_i/i_udma/i_i2s_udma/i_clkws_gen/i_pdm_cg/clk_o_BUFG}
add_cells_to_pblock [get_pblocks  {CLKAG_i_pulpissimo/soc_domain_i/pulp_soc_i/soc_peripherals_i/i_udma/i_i2s_udma/i_clkws_gen/i_pdm_cg/clk_o_BUFG}] [get_cells -filter { PRIMITIVE_GROUP != I/O && IS_PRIMITIVE==1 && PRIMITIVE_LEVEL !=INTERNAL } -of_object [get_pins -filter {DIRECTION==IN} -of_objects [get_nets -hierarchical -filter {PARENT=="i_pulpissimo/soc_domain_i/pulp_soc_i/soc_peripherals_i/i_udma/i_i2s_udma/i_clkws_gen/i_pdm_cg/clk_o_BUFG"}]]]
resize_pblock [get_pblocks {CLKAG_i_pulpissimo/soc_domain_i/pulp_soc_i/soc_peripherals_i/i_udma/i_i2s_udma/i_clkws_gen/i_pdm_cg/clk_o_BUFG}] -add {CLOCKREGION_X1Y2:CLOCKREGION_X1Y2}
#endgroup

# Clock net "i_pulpissimo/soc_domain_i/pulp_soc_i/i_dmi_jtag/i_dmi_jtag_tap/i_dft_tck_mux/i_tc_clk_mux2/clk_o" driven by instance "i_pulpissimo/soc_domain_i/pulp_soc_i/i_dmi_jtag/i_dmi_jtag_tap/i_dft_tck_mux/i_tc_clk_mux2/i_BUFGMUX" located at site "BUFGCTRL_X0Y3"
#startgroup
create_pblock {CLKAG_i_pulpissimo/soc_domain_i/pulp_soc_i/i_dmi_jtag/i_dmi_jtag_tap/i_dft_tck_mux/i_tc_clk_mux2/clk_o}
add_cells_to_pblock [get_pblocks  {CLKAG_i_pulpissimo/soc_domain_i/pulp_soc_i/i_dmi_jtag/i_dmi_jtag_tap/i_dft_tck_mux/i_tc_clk_mux2/clk_o}] [get_cells -filter { PRIMITIVE_GROUP != I/O && IS_PRIMITIVE==1 && PRIMITIVE_LEVEL !=INTERNAL } -of_object [get_pins -filter {DIRECTION==IN} -of_objects [get_nets -hierarchical -filter {PARENT=="i_pulpissimo/soc_domain_i/pulp_soc_i/i_dmi_jtag/i_dmi_jtag_tap/i_dft_tck_mux/i_tc_clk_mux2/clk_o"}]]]
resize_pblock [get_pblocks {CLKAG_i_pulpissimo/soc_domain_i/pulp_soc_i/i_dmi_jtag/i_dmi_jtag_tap/i_dft_tck_mux/i_tc_clk_mux2/clk_o}] -add {CLOCKREGION_X1Y1:CLOCKREGION_X1Y1}
#endgroup

# Clock net "i_pulpissimo/soc_domain_i/pulp_soc_i/i_clk_rst_gen/i_fpga_clk_gen/i_clk_manager/inst/clk_out2" driven by instance "i_pulpissimo/soc_domain_i/pulp_soc_i/i_clk_rst_gen/i_fpga_clk_gen/i_clk_manager/inst/clkout2_buf" located at site "BUFGCTRL_X0Y7"
#startgroup
create_pblock {CLKAG_i_pulpissimo/soc_domain_i/pulp_soc_i/i_clk_rst_gen/i_fpga_clk_gen/i_clk_manager/inst/clk_out2}
add_cells_to_pblock [get_pblocks  {CLKAG_i_pulpissimo/soc_domain_i/pulp_soc_i/i_clk_rst_gen/i_fpga_clk_gen/i_clk_manager/inst/clk_out2}] [get_cells -filter { PRIMITIVE_GROUP != I/O && IS_PRIMITIVE==1 && PRIMITIVE_LEVEL !=INTERNAL } -of_object [get_pins -filter {DIRECTION==IN} -of_objects [get_nets -hierarchical -filter {PARENT=="i_pulpissimo/soc_domain_i/pulp_soc_i/i_clk_rst_gen/i_fpga_clk_gen/i_clk_manager/inst/clk_out2"}]]]
resize_pblock [get_pblocks {CLKAG_i_pulpissimo/soc_domain_i/pulp_soc_i/i_clk_rst_gen/i_fpga_clk_gen/i_clk_manager/inst/clk_out2}] -add {CLOCKREGION_X0Y1:CLOCKREGION_X0Y1 CLOCKREGION_X0Y2:CLOCKREGION_X0Y2 CLOCKREGION_X1Y2:CLOCKREGION_X1Y2}
#endgroup

# Clock net "i_pulpissimo/soc_domain_i/pulp_soc_i/i_clk_rst_gen/i_fpga_clk_gen/i_clk_manager/inst/clk_out1" driven by instance "i_pulpissimo/soc_domain_i/pulp_soc_i/i_clk_rst_gen/i_fpga_clk_gen/i_clk_manager/inst/clkout1_buf" located at site "BUFGCTRL_X0Y5"
#startgroup
create_pblock {CLKAG_i_pulpissimo/soc_domain_i/pulp_soc_i/i_clk_rst_gen/i_fpga_clk_gen/i_clk_manager/inst/clk_out1}
add_cells_to_pblock [get_pblocks  {CLKAG_i_pulpissimo/soc_domain_i/pulp_soc_i/i_clk_rst_gen/i_fpga_clk_gen/i_clk_manager/inst/clk_out1}] [get_cells -filter { PRIMITIVE_GROUP != I/O && IS_PRIMITIVE==1 && PRIMITIVE_LEVEL !=INTERNAL } -of_object [get_pins -filter {DIRECTION==IN} -of_objects [get_nets -hierarchical -filter {PARENT=="i_pulpissimo/soc_domain_i/pulp_soc_i/i_clk_rst_gen/i_fpga_clk_gen/i_clk_manager/inst/clk_out1"}]]]
resize_pblock [get_pblocks {CLKAG_i_pulpissimo/soc_domain_i/pulp_soc_i/i_clk_rst_gen/i_fpga_clk_gen/i_clk_manager/inst/clk_out1}] -add {CLOCKREGION_X0Y0:CLOCKREGION_X0Y0 CLOCKREGION_X0Y1:CLOCKREGION_X0Y1 CLOCKREGION_X0Y2:CLOCKREGION_X0Y2 CLOCKREGION_X1Y0:CLOCKREGION_X1Y0 CLOCKREGION_X1Y1:CLOCKREGION_X1Y1 CLOCKREGION_X1Y2:CLOCKREGION_X1Y2}
#endgroup

# Clock net "i_pulpissimo/safe_domain_i/i_slow_clk_gen/slow_clk_o" driven by instance "i_pulpissimo/safe_domain_i/i_slow_clk_gen/i_clock_gate" located at site "BUFGCTRL_X0Y2"
#startgroup
create_pblock {CLKAG_i_pulpissimo/safe_domain_i/i_slow_clk_gen/slow_clk_o}
add_cells_to_pblock [get_pblocks  {CLKAG_i_pulpissimo/safe_domain_i/i_slow_clk_gen/slow_clk_o}] [get_cells -filter { PRIMITIVE_GROUP != I/O && IS_PRIMITIVE==1 && PRIMITIVE_LEVEL !=INTERNAL } -of_object [get_pins -filter {DIRECTION==IN} -of_objects [get_nets -hierarchical -filter {PARENT=="i_pulpissimo/safe_domain_i/i_slow_clk_gen/slow_clk_o"}]]]
resize_pblock [get_pblocks {CLKAG_i_pulpissimo/safe_domain_i/i_slow_clk_gen/slow_clk_o}] -add {CLOCKREGION_X1Y1:CLOCKREGION_X1Y1 CLOCKREGION_X1Y2:CLOCKREGION_X1Y2}
#endgroup

# Clock net "i_pulpissimo/safe_domain_i/i_slow_clk_gen/i_slow_clk_mngr/inst/clk_out1_xilinx_slow_clk_mngr_en_clk" driven by instance "i_pulpissimo/safe_domain_i/i_slow_clk_gen/i_slow_clk_mngr/inst/clkout1_buf_en" located at site "BUFHCE_X0Y0"
#startgroup
create_pblock {CLKAG_i_pulpissimo/safe_domain_i/i_slow_clk_gen/i_slow_clk_mngr/inst/clk_out1_xilinx_slow_clk_mngr_en_clk}
add_cells_to_pblock [get_pblocks  {CLKAG_i_pulpissimo/safe_domain_i/i_slow_clk_gen/i_slow_clk_mngr/inst/clk_out1_xilinx_slow_clk_mngr_en_clk}] [get_cells -filter { PRIMITIVE_GROUP != I/O && IS_PRIMITIVE==1 && PRIMITIVE_LEVEL !=INTERNAL } -of_object [get_pins -filter {DIRECTION==IN} -of_objects [get_nets -hierarchical -filter {PARENT=="i_pulpissimo/safe_domain_i/i_slow_clk_gen/i_slow_clk_mngr/inst/clk_out1_xilinx_slow_clk_mngr_en_clk"}]]]
resize_pblock [get_pblocks {CLKAG_i_pulpissimo/safe_domain_i/i_slow_clk_gen/i_slow_clk_mngr/inst/clk_out1_xilinx_slow_clk_mngr_en_clk}] -add {CLOCKREGION_X0Y0:CLOCKREGION_X0Y0}
#endgroup

# Clock net "i_pulpissimo/safe_domain_i/i_slow_clk_gen/i_slow_clk_mngr/inst/clk_out1" driven by instance "i_pulpissimo/safe_domain_i/i_slow_clk_gen/i_slow_clk_mngr/inst/clkout1_buf" located at site "BUFGCTRL_X0Y1"
#startgroup
create_pblock {CLKAG_i_pulpissimo/safe_domain_i/i_slow_clk_gen/i_slow_clk_mngr/inst/clk_out1}
add_cells_to_pblock [get_pblocks  {CLKAG_i_pulpissimo/safe_domain_i/i_slow_clk_gen/i_slow_clk_mngr/inst/clk_out1}] [get_cells -filter { PRIMITIVE_GROUP != I/O && IS_PRIMITIVE==1 && PRIMITIVE_LEVEL !=INTERNAL && NAME!=i_pulpissimo/safe_domain_i/i_slow_clk_gen/i_clock_gate} -of_object [get_pins -filter {DIRECTION==IN} -of_objects [get_nets -hierarchical -filter {PARENT=="i_pulpissimo/safe_domain_i/i_slow_clk_gen/i_slow_clk_mngr/inst/clk_out1"}]]]
resize_pblock [get_pblocks {CLKAG_i_pulpissimo/safe_domain_i/i_slow_clk_gen/i_slow_clk_mngr/inst/clk_out1}] -add {CLOCKREGION_X0Y3:CLOCKREGION_X0Y3 CLOCKREGION_X1Y3:CLOCKREGION_X1Y3}
#endgroup
