#-----------------------------------------------------------
# Vivado v2019.2 (64-bit)
# SW Build 2708876 on Wed Nov  6 21:39:14 MST 2019
# IP Build 2700528 on Thu Nov  7 00:09:20 MST 2019
# Start of session at: Sat Oct 21 06:28:16 2023
# Process ID: 239724
# Current directory: /home/nam/edabk_new_project/PULP/pulpissimo/fpga/pulpissimo-kc705-ver2
# Command line: vivado -mode batch -source tcl/run.tcl
# Log file: /home/nam/edabk_new_project/PULP/pulpissimo/fpga/pulpissimo-kc705-ver2/vivado.log
# Journal file: /home/nam/edabk_new_project/PULP/pulpissimo/fpga/pulpissimo-kc705-ver2/vivado.jou
#-----------------------------------------------------------
source tcl/run.tcl
# source tcl/common.tcl
## if [info exists ::env(BOARD)] {
##     set BOARD $::env(BOARD)
## } else {
##     puts "BOARD is not defined. Please include 'fpga-settings.mk' in your Makefile to setup necessary environment variables."
##     exit
## }
## if [info exists ::env(XILINX_BOARD)] {
##     set XILINX_BOARD $::env(XILINX_BOARD)
## }
## set partNumber $::env(XILINX_PART)
## set_msg_config -id {[Synth 8-3352]}         -new_severity "critical warning"
## set_msg_config -id {[Synth 8-350]}          -new_severity "critical warning"
## set_msg_config -id {[Synth 8-2490]}         -new_severity "warning"
## set_msg_config -id {[Synth 8-2306]}         -new_severity "info"
## set_msg_config -id {[Synth 8-3331]}         -new_severity "critical warning"
## set_msg_config -id {[Synth 8-3332]}         -new_severity "info"
## set_msg_config -id {[Synth 8-2715]}         -new_severity "error"
## set_msg_config -id {[Opt 31-35]}            -new_severity "info"
## set_msg_config -id {[Opt 31-32]}            -new_severity "info"
## set_msg_config -id {[Shape Builder 18-119]} -new_severity "warning"
## set_msg_config -id {[Filemgmt 20-742]}      -new_severity "error"
## set CPUS [exec getconf _NPROCESSORS_ONLN]
## if { ![info exists CPUS] } {
##   set CPUS 4
## }
# set PROJECT pulpissimo-$BOARD
# set RTL ../../../rtl
# set IPS ../../../ips
# set CONSTRS constraints
# create_project $PROJECT . -force -part $::env(XILINX_PART)
# set_property board_part $XILINX_BOARD [current_project]
# source ../pulpissimo/tcl/add_sources.tcl
## source ../pulpissimo/tcl/generated/compile.tcl
### set ROOT "/home/nam/edabk_new_project/PULP/pulpissimo"
### add_files -norecurse -fileset [current_fileset] [list \
###     $ROOT/.bender/git/checkouts/tech_cells_generic-f82f6dfe2108e16b/src/fpga/pad_functional_xilinx.sv \
###     $ROOT/.bender/git/checkouts/tech_cells_generic-f82f6dfe2108e16b/src/fpga/tc_clk_xilinx.sv \
###     $ROOT/.bender/git/checkouts/tech_cells_generic-f82f6dfe2108e16b/src/fpga/tc_sram_xilinx.sv \
### ]
### add_files -norecurse -fileset [current_fileset] [list \
###     $ROOT/.bender/git/checkouts/tech_cells_generic-f82f6dfe2108e16b/src/deprecated/pulp_clock_gating_async.sv \
###     $ROOT/.bender/git/checkouts/tech_cells_generic-f82f6dfe2108e16b/src/deprecated/cluster_clk_cells.sv \
###     $ROOT/.bender/git/checkouts/tech_cells_generic-f82f6dfe2108e16b/src/deprecated/pulp_clk_cells.sv \
### ]
### add_files -norecurse -fileset [current_fileset] [list \
###     $ROOT/.bender/git/checkouts/common_cells-a025d4426209aa2e/src/binary_to_gray.sv \
###     $ROOT/.bender/git/checkouts/common_cells-a025d4426209aa2e/src/cb_filter_pkg.sv \
###     $ROOT/.bender/git/checkouts/common_cells-a025d4426209aa2e/src/cc_onehot.sv \
###     $ROOT/.bender/git/checkouts/common_cells-a025d4426209aa2e/src/cf_math_pkg.sv \
###     $ROOT/.bender/git/checkouts/common_cells-a025d4426209aa2e/src/clk_int_div.sv \
###     $ROOT/.bender/git/checkouts/common_cells-a025d4426209aa2e/src/delta_counter.sv \
###     $ROOT/.bender/git/checkouts/common_cells-a025d4426209aa2e/src/ecc_pkg.sv \
###     $ROOT/.bender/git/checkouts/common_cells-a025d4426209aa2e/src/edge_propagator_tx.sv \
###     $ROOT/.bender/git/checkouts/common_cells-a025d4426209aa2e/src/exp_backoff.sv \
###     $ROOT/.bender/git/checkouts/common_cells-a025d4426209aa2e/src/fifo_v3.sv \
###     $ROOT/.bender/git/checkouts/common_cells-a025d4426209aa2e/src/gray_to_binary.sv \
###     $ROOT/.bender/git/checkouts/common_cells-a025d4426209aa2e/src/isochronous_4phase_handshake.sv \
###     $ROOT/.bender/git/checkouts/common_cells-a025d4426209aa2e/src/isochronous_spill_register.sv \
###     $ROOT/.bender/git/checkouts/common_cells-a025d4426209aa2e/src/lfsr.sv \
###     $ROOT/.bender/git/checkouts/common_cells-a025d4426209aa2e/src/lfsr_16bit.sv \
###     $ROOT/.bender/git/checkouts/common_cells-a025d4426209aa2e/src/lfsr_8bit.sv \
###     $ROOT/.bender/git/checkouts/common_cells-a025d4426209aa2e/src/mv_filter.sv \
###     $ROOT/.bender/git/checkouts/common_cells-a025d4426209aa2e/src/onehot_to_bin.sv \
###     $ROOT/.bender/git/checkouts/common_cells-a025d4426209aa2e/src/plru_tree.sv \
###     $ROOT/.bender/git/checkouts/common_cells-a025d4426209aa2e/src/popcount.sv \
###     $ROOT/.bender/git/checkouts/common_cells-a025d4426209aa2e/src/rr_arb_tree.sv \
###     $ROOT/.bender/git/checkouts/common_cells-a025d4426209aa2e/src/rstgen_bypass.sv \
###     $ROOT/.bender/git/checkouts/common_cells-a025d4426209aa2e/src/serial_deglitch.sv \
###     $ROOT/.bender/git/checkouts/common_cells-a025d4426209aa2e/src/shift_reg.sv \
###     $ROOT/.bender/git/checkouts/common_cells-a025d4426209aa2e/src/spill_register_flushable.sv \
###     $ROOT/.bender/git/checkouts/common_cells-a025d4426209aa2e/src/stream_demux.sv \
###     $ROOT/.bender/git/checkouts/common_cells-a025d4426209aa2e/src/stream_filter.sv \
###     $ROOT/.bender/git/checkouts/common_cells-a025d4426209aa2e/src/stream_fork.sv \
###     $ROOT/.bender/git/checkouts/common_cells-a025d4426209aa2e/src/stream_intf.sv \
###     $ROOT/.bender/git/checkouts/common_cells-a025d4426209aa2e/src/stream_join.sv \
###     $ROOT/.bender/git/checkouts/common_cells-a025d4426209aa2e/src/stream_mux.sv \
###     $ROOT/.bender/git/checkouts/common_cells-a025d4426209aa2e/src/sub_per_hash.sv \
###     $ROOT/.bender/git/checkouts/common_cells-a025d4426209aa2e/src/sync.sv \
###     $ROOT/.bender/git/checkouts/common_cells-a025d4426209aa2e/src/sync_wedge.sv \
###     $ROOT/.bender/git/checkouts/common_cells-a025d4426209aa2e/src/unread.sv \
###     $ROOT/.bender/git/checkouts/common_cells-a025d4426209aa2e/src/cdc_reset_ctrlr_pkg.sv \
###     $ROOT/.bender/git/checkouts/common_cells-a025d4426209aa2e/src/cdc_2phase.sv \
###     $ROOT/.bender/git/checkouts/common_cells-a025d4426209aa2e/src/cdc_4phase.sv \
###     $ROOT/.bender/git/checkouts/common_cells-a025d4426209aa2e/src/addr_decode.sv \
###     $ROOT/.bender/git/checkouts/common_cells-a025d4426209aa2e/src/cb_filter.sv \
###     $ROOT/.bender/git/checkouts/common_cells-a025d4426209aa2e/src/cdc_fifo_2phase.sv \
###     $ROOT/.bender/git/checkouts/common_cells-a025d4426209aa2e/src/counter.sv \
###     $ROOT/.bender/git/checkouts/common_cells-a025d4426209aa2e/src/ecc_decode.sv \
###     $ROOT/.bender/git/checkouts/common_cells-a025d4426209aa2e/src/ecc_encode.sv \
###     $ROOT/.bender/git/checkouts/common_cells-a025d4426209aa2e/src/edge_detect.sv \
###     $ROOT/.bender/git/checkouts/common_cells-a025d4426209aa2e/src/lzc.sv \
###     $ROOT/.bender/git/checkouts/common_cells-a025d4426209aa2e/src/max_counter.sv \
###     $ROOT/.bender/git/checkouts/common_cells-a025d4426209aa2e/src/rstgen.sv \
###     $ROOT/.bender/git/checkouts/common_cells-a025d4426209aa2e/src/spill_register.sv \
###     $ROOT/.bender/git/checkouts/common_cells-a025d4426209aa2e/src/stream_delay.sv \
###     $ROOT/.bender/git/checkouts/common_cells-a025d4426209aa2e/src/stream_fifo.sv \
###     $ROOT/.bender/git/checkouts/common_cells-a025d4426209aa2e/src/stream_fork_dynamic.sv \
###     $ROOT/.bender/git/checkouts/common_cells-a025d4426209aa2e/src/cdc_reset_ctrlr.sv \
###     $ROOT/.bender/git/checkouts/common_cells-a025d4426209aa2e/src/cdc_fifo_gray.sv \
###     $ROOT/.bender/git/checkouts/common_cells-a025d4426209aa2e/src/fall_through_register.sv \
###     $ROOT/.bender/git/checkouts/common_cells-a025d4426209aa2e/src/id_queue.sv \
###     $ROOT/.bender/git/checkouts/common_cells-a025d4426209aa2e/src/stream_to_mem.sv \
###     $ROOT/.bender/git/checkouts/common_cells-a025d4426209aa2e/src/stream_arbiter_flushable.sv \
###     $ROOT/.bender/git/checkouts/common_cells-a025d4426209aa2e/src/stream_register.sv \
###     $ROOT/.bender/git/checkouts/common_cells-a025d4426209aa2e/src/stream_xbar.sv \
###     $ROOT/.bender/git/checkouts/common_cells-a025d4426209aa2e/src/cdc_fifo_gray_clearable.sv \
###     $ROOT/.bender/git/checkouts/common_cells-a025d4426209aa2e/src/cdc_2phase_clearable.sv \
###     $ROOT/.bender/git/checkouts/common_cells-a025d4426209aa2e/src/stream_arbiter.sv \
###     $ROOT/.bender/git/checkouts/common_cells-a025d4426209aa2e/src/stream_omega_net.sv \
###     $ROOT/.bender/git/checkouts/common_cells-a025d4426209aa2e/src/deprecated/clock_divider_counter.sv \
###     $ROOT/.bender/git/checkouts/common_cells-a025d4426209aa2e/src/deprecated/clk_div.sv \
###     $ROOT/.bender/git/checkouts/common_cells-a025d4426209aa2e/src/deprecated/find_first_one.sv \
###     $ROOT/.bender/git/checkouts/common_cells-a025d4426209aa2e/src/deprecated/generic_LFSR_8bit.sv \
###     $ROOT/.bender/git/checkouts/common_cells-a025d4426209aa2e/src/deprecated/generic_fifo.sv \
###     $ROOT/.bender/git/checkouts/common_cells-a025d4426209aa2e/src/deprecated/prioarbiter.sv \
###     $ROOT/.bender/git/checkouts/common_cells-a025d4426209aa2e/src/deprecated/pulp_sync.sv \
###     $ROOT/.bender/git/checkouts/common_cells-a025d4426209aa2e/src/deprecated/pulp_sync_wedge.sv \
###     $ROOT/.bender/git/checkouts/common_cells-a025d4426209aa2e/src/deprecated/rrarbiter.sv \
###     $ROOT/.bender/git/checkouts/common_cells-a025d4426209aa2e/src/deprecated/clock_divider.sv \
###     $ROOT/.bender/git/checkouts/common_cells-a025d4426209aa2e/src/deprecated/fifo_v2.sv \
###     $ROOT/.bender/git/checkouts/common_cells-a025d4426209aa2e/src/deprecated/fifo_v1.sv \
###     $ROOT/.bender/git/checkouts/common_cells-a025d4426209aa2e/src/edge_propagator_ack.sv \
###     $ROOT/.bender/git/checkouts/common_cells-a025d4426209aa2e/src/edge_propagator.sv \
###     $ROOT/.bender/git/checkouts/common_cells-a025d4426209aa2e/src/edge_propagator_rx.sv \
### ]
### add_files -norecurse -fileset [current_fileset] [list \
###     $ROOT/.bender/git/checkouts/fpu_div_sqrt_mvp-de98fb0e82931ead/hdl/defs_div_sqrt_mvp.sv \
###     $ROOT/.bender/git/checkouts/fpu_div_sqrt_mvp-de98fb0e82931ead/hdl/iteration_div_sqrt_mvp.sv \
###     $ROOT/.bender/git/checkouts/fpu_div_sqrt_mvp-de98fb0e82931ead/hdl/control_mvp.sv \
###     $ROOT/.bender/git/checkouts/fpu_div_sqrt_mvp-de98fb0e82931ead/hdl/norm_div_sqrt_mvp.sv \
###     $ROOT/.bender/git/checkouts/fpu_div_sqrt_mvp-de98fb0e82931ead/hdl/preprocess_mvp.sv \
###     $ROOT/.bender/git/checkouts/fpu_div_sqrt_mvp-de98fb0e82931ead/hdl/nrbd_nrsc_mvp.sv \
###     $ROOT/.bender/git/checkouts/fpu_div_sqrt_mvp-de98fb0e82931ead/hdl/div_sqrt_top_mvp.sv \
###     $ROOT/.bender/git/checkouts/fpu_div_sqrt_mvp-de98fb0e82931ead/hdl/div_sqrt_mvp_wrapper.sv \
### ]
### add_files -norecurse -fileset [current_fileset] [list \
###     $ROOT/.bender/git/checkouts/apb-aabe5a48cb887de0/src/apb_intf.sv \
### ]
### add_files -norecurse -fileset [current_fileset] [list \
###     $ROOT/.bender/git/checkouts/axi-6ba48e7137b8faf2/src/axi_pkg.sv \
###     $ROOT/.bender/git/checkouts/axi-6ba48e7137b8faf2/src/axi_intf.sv \
###     $ROOT/.bender/git/checkouts/axi-6ba48e7137b8faf2/src/axi_atop_filter.sv \
###     $ROOT/.bender/git/checkouts/axi-6ba48e7137b8faf2/src/axi_burst_splitter.sv \
###     $ROOT/.bender/git/checkouts/axi-6ba48e7137b8faf2/src/axi_cdc_dst.sv \
###     $ROOT/.bender/git/checkouts/axi-6ba48e7137b8faf2/src/axi_cdc_src.sv \
###     $ROOT/.bender/git/checkouts/axi-6ba48e7137b8faf2/src/axi_cut.sv \
###     $ROOT/.bender/git/checkouts/axi-6ba48e7137b8faf2/src/axi_delayer.sv \
###     $ROOT/.bender/git/checkouts/axi-6ba48e7137b8faf2/src/axi_demux.sv \
###     $ROOT/.bender/git/checkouts/axi-6ba48e7137b8faf2/src/axi_dw_downsizer.sv \
###     $ROOT/.bender/git/checkouts/axi-6ba48e7137b8faf2/src/axi_dw_upsizer.sv \
###     $ROOT/.bender/git/checkouts/axi-6ba48e7137b8faf2/src/axi_id_prepend.sv \
###     $ROOT/.bender/git/checkouts/axi-6ba48e7137b8faf2/src/axi_isolate.sv \
###     $ROOT/.bender/git/checkouts/axi-6ba48e7137b8faf2/src/axi_join.sv \
###     $ROOT/.bender/git/checkouts/axi-6ba48e7137b8faf2/src/axi_lite_demux.sv \
###     $ROOT/.bender/git/checkouts/axi-6ba48e7137b8faf2/src/axi_lite_join.sv \
###     $ROOT/.bender/git/checkouts/axi-6ba48e7137b8faf2/src/axi_lite_mailbox.sv \
###     $ROOT/.bender/git/checkouts/axi-6ba48e7137b8faf2/src/axi_lite_mux.sv \
###     $ROOT/.bender/git/checkouts/axi-6ba48e7137b8faf2/src/axi_lite_regs.sv \
###     $ROOT/.bender/git/checkouts/axi-6ba48e7137b8faf2/src/axi_lite_to_apb.sv \
###     $ROOT/.bender/git/checkouts/axi-6ba48e7137b8faf2/src/axi_lite_to_axi.sv \
###     $ROOT/.bender/git/checkouts/axi-6ba48e7137b8faf2/src/axi_modify_address.sv \
###     $ROOT/.bender/git/checkouts/axi-6ba48e7137b8faf2/src/axi_mux.sv \
###     $ROOT/.bender/git/checkouts/axi-6ba48e7137b8faf2/src/axi_serializer.sv \
###     $ROOT/.bender/git/checkouts/axi-6ba48e7137b8faf2/src/axi_cdc.sv \
###     $ROOT/.bender/git/checkouts/axi-6ba48e7137b8faf2/src/axi_err_slv.sv \
###     $ROOT/.bender/git/checkouts/axi-6ba48e7137b8faf2/src/axi_dw_converter.sv \
###     $ROOT/.bender/git/checkouts/axi-6ba48e7137b8faf2/src/axi_multicut.sv \
###     $ROOT/.bender/git/checkouts/axi-6ba48e7137b8faf2/src/axi_to_axi_lite.sv \
###     $ROOT/.bender/git/checkouts/axi-6ba48e7137b8faf2/src/axi_lite_xbar.sv \
###     $ROOT/.bender/git/checkouts/axi-6ba48e7137b8faf2/src/axi_xbar.sv \
### ]
### add_files -norecurse -fileset [current_fileset] [list \
###     $ROOT/.bender/git/checkouts/fpnew-62313c8dc613cd59/src/fpnew_pkg.sv \
###     $ROOT/.bender/git/checkouts/fpnew-62313c8dc613cd59/src/fpnew_cast_multi.sv \
###     $ROOT/.bender/git/checkouts/fpnew-62313c8dc613cd59/src/fpnew_classifier.sv \
###     $ROOT/.bender/git/checkouts/fpnew-62313c8dc613cd59/src/fpnew_divsqrt_multi.sv \
###     $ROOT/.bender/git/checkouts/fpnew-62313c8dc613cd59/src/fpnew_fma.sv \
###     $ROOT/.bender/git/checkouts/fpnew-62313c8dc613cd59/src/fpnew_fma_multi.sv \
###     $ROOT/.bender/git/checkouts/fpnew-62313c8dc613cd59/src/fpnew_noncomp.sv \
###     $ROOT/.bender/git/checkouts/fpnew-62313c8dc613cd59/src/fpnew_opgroup_block.sv \
###     $ROOT/.bender/git/checkouts/fpnew-62313c8dc613cd59/src/fpnew_opgroup_fmt_slice.sv \
###     $ROOT/.bender/git/checkouts/fpnew-62313c8dc613cd59/src/fpnew_opgroup_multifmt_slice.sv \
###     $ROOT/.bender/git/checkouts/fpnew-62313c8dc613cd59/src/fpnew_rounding.sv \
###     $ROOT/.bender/git/checkouts/fpnew-62313c8dc613cd59/src/fpnew_top.sv \
### ]
### add_files -norecurse -fileset [current_fileset] [list \
###     $ROOT/.bender/git/checkouts/hwpe-ctrl-84441a57cfe35450/rtl/hwpe_ctrl_interfaces.sv \
###     $ROOT/.bender/git/checkouts/hwpe-ctrl-84441a57cfe35450/rtl/hwpe_ctrl_package.sv \
###     $ROOT/.bender/git/checkouts/hwpe-ctrl-84441a57cfe35450/rtl/hwpe_ctrl_regfile_latch.sv \
###     $ROOT/.bender/git/checkouts/hwpe-ctrl-84441a57cfe35450/rtl/hwpe_ctrl_seq_mult.sv \
###     $ROOT/.bender/git/checkouts/hwpe-ctrl-84441a57cfe35450/rtl/hwpe_ctrl_uloop.sv \
###     $ROOT/.bender/git/checkouts/hwpe-ctrl-84441a57cfe35450/rtl/hwpe_ctrl_regfile_latch_test_wrap.sv \
###     $ROOT/.bender/git/checkouts/hwpe-ctrl-84441a57cfe35450/rtl/hwpe_ctrl_regfile.sv \
###     $ROOT/.bender/git/checkouts/hwpe-ctrl-84441a57cfe35450/rtl/hwpe_ctrl_slave.sv \
### ]
### add_files -norecurse -fileset [current_fileset] [list \
###     $ROOT/.bender/git/checkouts/hwpe-stream-3d98101b35dad7de/rtl/hwpe_stream_interfaces.sv \
###     $ROOT/.bender/git/checkouts/hwpe-stream-3d98101b35dad7de/rtl/hwpe_stream_package.sv \
###     $ROOT/.bender/git/checkouts/hwpe-stream-3d98101b35dad7de/rtl/basic/hwpe_stream_assign.sv \
###     $ROOT/.bender/git/checkouts/hwpe-stream-3d98101b35dad7de/rtl/basic/hwpe_stream_buffer.sv \
###     $ROOT/.bender/git/checkouts/hwpe-stream-3d98101b35dad7de/rtl/basic/hwpe_stream_demux_static.sv \
###     $ROOT/.bender/git/checkouts/hwpe-stream-3d98101b35dad7de/rtl/basic/hwpe_stream_deserialize.sv \
###     $ROOT/.bender/git/checkouts/hwpe-stream-3d98101b35dad7de/rtl/basic/hwpe_stream_fence.sv \
###     $ROOT/.bender/git/checkouts/hwpe-stream-3d98101b35dad7de/rtl/basic/hwpe_stream_merge.sv \
###     $ROOT/.bender/git/checkouts/hwpe-stream-3d98101b35dad7de/rtl/basic/hwpe_stream_mux_static.sv \
###     $ROOT/.bender/git/checkouts/hwpe-stream-3d98101b35dad7de/rtl/basic/hwpe_stream_serialize.sv \
###     $ROOT/.bender/git/checkouts/hwpe-stream-3d98101b35dad7de/rtl/basic/hwpe_stream_split.sv \
###     $ROOT/.bender/git/checkouts/hwpe-stream-3d98101b35dad7de/rtl/fifo/hwpe_stream_fifo_ctrl.sv \
###     $ROOT/.bender/git/checkouts/hwpe-stream-3d98101b35dad7de/rtl/fifo/hwpe_stream_fifo_scm.sv \
###     $ROOT/.bender/git/checkouts/hwpe-stream-3d98101b35dad7de/rtl/streamer/hwpe_stream_addressgen.sv \
###     $ROOT/.bender/git/checkouts/hwpe-stream-3d98101b35dad7de/rtl/streamer/hwpe_stream_addressgen_v2.sv \
###     $ROOT/.bender/git/checkouts/hwpe-stream-3d98101b35dad7de/rtl/streamer/hwpe_stream_addressgen_v3.sv \
###     $ROOT/.bender/git/checkouts/hwpe-stream-3d98101b35dad7de/rtl/streamer/hwpe_stream_sink_realign.sv \
###     $ROOT/.bender/git/checkouts/hwpe-stream-3d98101b35dad7de/rtl/streamer/hwpe_stream_source_realign.sv \
###     $ROOT/.bender/git/checkouts/hwpe-stream-3d98101b35dad7de/rtl/streamer/hwpe_stream_strbgen.sv \
###     $ROOT/.bender/git/checkouts/hwpe-stream-3d98101b35dad7de/rtl/streamer/hwpe_stream_streamer_queue.sv \
###     $ROOT/.bender/git/checkouts/hwpe-stream-3d98101b35dad7de/rtl/tcdm/hwpe_stream_tcdm_assign.sv \
###     $ROOT/.bender/git/checkouts/hwpe-stream-3d98101b35dad7de/rtl/tcdm/hwpe_stream_tcdm_mux.sv \
###     $ROOT/.bender/git/checkouts/hwpe-stream-3d98101b35dad7de/rtl/tcdm/hwpe_stream_tcdm_mux_static.sv \
###     $ROOT/.bender/git/checkouts/hwpe-stream-3d98101b35dad7de/rtl/tcdm/hwpe_stream_tcdm_reorder.sv \
###     $ROOT/.bender/git/checkouts/hwpe-stream-3d98101b35dad7de/rtl/tcdm/hwpe_stream_tcdm_reorder_static.sv \
###     $ROOT/.bender/git/checkouts/hwpe-stream-3d98101b35dad7de/rtl/fifo/hwpe_stream_fifo_earlystall.sv \
###     $ROOT/.bender/git/checkouts/hwpe-stream-3d98101b35dad7de/rtl/fifo/hwpe_stream_fifo_earlystall_sidech.sv \
###     $ROOT/.bender/git/checkouts/hwpe-stream-3d98101b35dad7de/rtl/fifo/hwpe_stream_fifo_scm_test_wrap.sv \
###     $ROOT/.bender/git/checkouts/hwpe-stream-3d98101b35dad7de/rtl/fifo/hwpe_stream_fifo_sidech.sv \
###     $ROOT/.bender/git/checkouts/hwpe-stream-3d98101b35dad7de/rtl/fifo/hwpe_stream_fifo.sv \
###     $ROOT/.bender/git/checkouts/hwpe-stream-3d98101b35dad7de/rtl/tcdm/hwpe_stream_tcdm_fifo_load_sidech.sv \
###     $ROOT/.bender/git/checkouts/hwpe-stream-3d98101b35dad7de/rtl/streamer/hwpe_stream_source.sv \
###     $ROOT/.bender/git/checkouts/hwpe-stream-3d98101b35dad7de/rtl/tcdm/hwpe_stream_tcdm_fifo.sv \
###     $ROOT/.bender/git/checkouts/hwpe-stream-3d98101b35dad7de/rtl/tcdm/hwpe_stream_tcdm_fifo_load.sv \
###     $ROOT/.bender/git/checkouts/hwpe-stream-3d98101b35dad7de/rtl/tcdm/hwpe_stream_tcdm_fifo_store.sv \
###     $ROOT/.bender/git/checkouts/hwpe-stream-3d98101b35dad7de/rtl/streamer/hwpe_stream_sink.sv \
### ]
### add_files -norecurse -fileset [current_fileset] [list \
###     $ROOT/.bender/git/checkouts/udma_core-4dfb66675047f408/rtl/common/io_clk_gen.sv \
###     $ROOT/.bender/git/checkouts/udma_core-4dfb66675047f408/rtl/common/io_event_counter.sv \
###     $ROOT/.bender/git/checkouts/udma_core-4dfb66675047f408/rtl/common/io_generic_fifo.sv \
###     $ROOT/.bender/git/checkouts/udma_core-4dfb66675047f408/rtl/common/io_shiftreg.sv \
###     $ROOT/.bender/git/checkouts/udma_core-4dfb66675047f408/rtl/common/udma_apb_if.sv \
###     $ROOT/.bender/git/checkouts/udma_core-4dfb66675047f408/rtl/common/udma_clk_div_cnt.sv \
###     $ROOT/.bender/git/checkouts/udma_core-4dfb66675047f408/rtl/common/udma_ctrl.sv \
###     $ROOT/.bender/git/checkouts/udma_core-4dfb66675047f408/rtl/common/udma_dc_fifo.sv \
###     $ROOT/.bender/git/checkouts/udma_core-4dfb66675047f408/rtl/core/udma_arbiter.sv \
###     $ROOT/.bender/git/checkouts/udma_core-4dfb66675047f408/rtl/core/udma_ch_addrgen.sv \
###     $ROOT/.bender/git/checkouts/udma_core-4dfb66675047f408/rtl/common/io_tx_fifo.sv \
###     $ROOT/.bender/git/checkouts/udma_core-4dfb66675047f408/rtl/common/io_tx_fifo_dc.sv \
###     $ROOT/.bender/git/checkouts/udma_core-4dfb66675047f408/rtl/common/io_tx_fifo_mark.sv \
###     $ROOT/.bender/git/checkouts/udma_core-4dfb66675047f408/rtl/common/udma_clkgen.sv \
###     $ROOT/.bender/git/checkouts/udma_core-4dfb66675047f408/rtl/core/udma_tx_channels.sv \
###     $ROOT/.bender/git/checkouts/udma_core-4dfb66675047f408/rtl/core/udma_stream_unit.sv \
###     $ROOT/.bender/git/checkouts/udma_core-4dfb66675047f408/rtl/core/udma_rx_channels.sv \
###     $ROOT/.bender/git/checkouts/udma_core-4dfb66675047f408/rtl/core/udma_core.sv \
### ]
### add_files -norecurse -fileset [current_fileset] [list \
###     $ROOT/.bender/git/checkouts/adv_dbg_if-5b6b130a03a5c9fc/rtl/adbg_axi_module.sv \
###     $ROOT/.bender/git/checkouts/adv_dbg_if-5b6b130a03a5c9fc/rtl/adbg_lint_biu.sv \
###     $ROOT/.bender/git/checkouts/adv_dbg_if-5b6b130a03a5c9fc/rtl/adbg_lint_module.sv \
###     $ROOT/.bender/git/checkouts/adv_dbg_if-5b6b130a03a5c9fc/rtl/adbg_crc32.v \
###     $ROOT/.bender/git/checkouts/adv_dbg_if-5b6b130a03a5c9fc/rtl/adbg_or1k_biu.sv \
###     $ROOT/.bender/git/checkouts/adv_dbg_if-5b6b130a03a5c9fc/rtl/adbg_or1k_module.sv \
###     $ROOT/.bender/git/checkouts/adv_dbg_if-5b6b130a03a5c9fc/rtl/adbg_or1k_status_reg.sv \
###     $ROOT/.bender/git/checkouts/adv_dbg_if-5b6b130a03a5c9fc/rtl/adbg_top.sv \
###     $ROOT/.bender/git/checkouts/adv_dbg_if-5b6b130a03a5c9fc/rtl/bytefifo.v \
###     $ROOT/.bender/git/checkouts/adv_dbg_if-5b6b130a03a5c9fc/rtl/syncflop.v \
###     $ROOT/.bender/git/checkouts/adv_dbg_if-5b6b130a03a5c9fc/rtl/syncreg.v \
###     $ROOT/.bender/git/checkouts/adv_dbg_if-5b6b130a03a5c9fc/rtl/adbg_tap_top.v \
###     $ROOT/.bender/git/checkouts/adv_dbg_if-5b6b130a03a5c9fc/rtl/adv_dbg_if.sv \
###     $ROOT/.bender/git/checkouts/adv_dbg_if-5b6b130a03a5c9fc/rtl/adbg_axionly_top.sv \
###     $ROOT/.bender/git/checkouts/adv_dbg_if-5b6b130a03a5c9fc/rtl/adbg_lintonly_top.sv \
### ]
### add_files -norecurse -fileset [current_fileset] [list \
###     $ROOT/.bender/git/checkouts/apb2per-bc68f149a1a71c65/apb2per.sv \
### ]
### add_files -norecurse -fileset [current_fileset] [list \
###     $ROOT/.bender/git/checkouts/apb_adv_timer-4c5b7c37534a8b97/rtl/adv_timer_apb_if.sv \
###     $ROOT/.bender/git/checkouts/apb_adv_timer-4c5b7c37534a8b97/rtl/comparator.sv \
###     $ROOT/.bender/git/checkouts/apb_adv_timer-4c5b7c37534a8b97/rtl/input_stage.sv \
###     $ROOT/.bender/git/checkouts/apb_adv_timer-4c5b7c37534a8b97/rtl/lut_4x4.sv \
###     $ROOT/.bender/git/checkouts/apb_adv_timer-4c5b7c37534a8b97/rtl/out_filter.sv \
###     $ROOT/.bender/git/checkouts/apb_adv_timer-4c5b7c37534a8b97/rtl/prescaler.sv \
###     $ROOT/.bender/git/checkouts/apb_adv_timer-4c5b7c37534a8b97/rtl/timer_cntrl.sv \
###     $ROOT/.bender/git/checkouts/apb_adv_timer-4c5b7c37534a8b97/rtl/up_down_counter.sv \
###     $ROOT/.bender/git/checkouts/apb_adv_timer-4c5b7c37534a8b97/rtl/timer_module.sv \
###     $ROOT/.bender/git/checkouts/apb_adv_timer-4c5b7c37534a8b97/rtl/apb_adv_timer.sv \
### ]
### add_files -norecurse -fileset [current_fileset] [list \
###     $ROOT/.bender/git/checkouts/apb_fll_if-5962ef2c8b18132f/src/fll_intf.sv \
###     $ROOT/.bender/git/checkouts/apb_fll_if-5962ef2c8b18132f/src/apb_fll_if.sv \
###     $ROOT/.bender/git/checkouts/apb_fll_if-5962ef2c8b18132f/src/apb_to_fll.sv \
### ]
### add_files -norecurse -fileset [current_fileset] [list \
###     $ROOT/.bender/git/checkouts/apb_gpio-73dcd13fa1d206d0/rtl/apb_gpio.sv \
### ]
### add_files -norecurse -fileset [current_fileset] [list \
###     $ROOT/.bender/git/checkouts/apb_interrupt_cntrl-4b871747a33caa87/apb_interrupt_cntrl.sv \
### ]
### add_files -norecurse -fileset [current_fileset] [list \
###     $ROOT/.bender/git/checkouts/apb_node-228204d192c97749/src/apb_node.sv \
###     $ROOT/.bender/git/checkouts/apb_node-228204d192c97749/src/apb_node_wrap.sv \
### ]
### add_files -norecurse -fileset [current_fileset] [list \
###     $ROOT/.bender/git/checkouts/axi_slice-8afc001fc8656540/src/axi_single_slice.sv \
###     $ROOT/.bender/git/checkouts/axi_slice-8afc001fc8656540/src/axi_ar_buffer.sv \
###     $ROOT/.bender/git/checkouts/axi_slice-8afc001fc8656540/src/axi_aw_buffer.sv \
###     $ROOT/.bender/git/checkouts/axi_slice-8afc001fc8656540/src/axi_b_buffer.sv \
###     $ROOT/.bender/git/checkouts/axi_slice-8afc001fc8656540/src/axi_r_buffer.sv \
###     $ROOT/.bender/git/checkouts/axi_slice-8afc001fc8656540/src/axi_slice.sv \
###     $ROOT/.bender/git/checkouts/axi_slice-8afc001fc8656540/src/axi_w_buffer.sv \
###     $ROOT/.bender/git/checkouts/axi_slice-8afc001fc8656540/src/axi_slice_wrap.sv \
### ]
### add_files -norecurse -fileset [current_fileset] [list \
###     $ROOT/.bender/git/checkouts/cluster_interconnect-cd2e76203435860b/rtl/tcdm_interconnect/tcdm_interconnect_pkg.sv \
###     $ROOT/.bender/git/checkouts/cluster_interconnect-cd2e76203435860b/rtl/tcdm_interconnect/addr_dec_resp_mux.sv \
###     $ROOT/.bender/git/checkouts/cluster_interconnect-cd2e76203435860b/rtl/tcdm_interconnect/amo_shim.sv \
###     $ROOT/.bender/git/checkouts/cluster_interconnect-cd2e76203435860b/rtl/variable_latency_interconnect/addr_decoder.sv \
###     $ROOT/.bender/git/checkouts/cluster_interconnect-cd2e76203435860b/rtl/tcdm_interconnect/xbar.sv \
###     $ROOT/.bender/git/checkouts/cluster_interconnect-cd2e76203435860b/rtl/variable_latency_interconnect/simplex_xbar.sv \
###     $ROOT/.bender/git/checkouts/cluster_interconnect-cd2e76203435860b/rtl/tcdm_interconnect/clos_net.sv \
###     $ROOT/.bender/git/checkouts/cluster_interconnect-cd2e76203435860b/rtl/tcdm_interconnect/bfly_net.sv \
###     $ROOT/.bender/git/checkouts/cluster_interconnect-cd2e76203435860b/rtl/variable_latency_interconnect/full_duplex_xbar.sv \
###     $ROOT/.bender/git/checkouts/cluster_interconnect-cd2e76203435860b/rtl/tcdm_interconnect/tcdm_interconnect.sv \
###     $ROOT/.bender/git/checkouts/cluster_interconnect-cd2e76203435860b/rtl/variable_latency_interconnect/variable_latency_bfly_net.sv \
###     $ROOT/.bender/git/checkouts/cluster_interconnect-cd2e76203435860b/rtl/variable_latency_interconnect/variable_latency_interconnect.sv \
###     $ROOT/.bender/git/checkouts/cluster_interconnect-cd2e76203435860b/rtl/low_latency_interco/FanInPrimitive_Req.sv \
###     $ROOT/.bender/git/checkouts/cluster_interconnect-cd2e76203435860b/rtl/low_latency_interco/ArbitrationTree.sv \
###     $ROOT/.bender/git/checkouts/cluster_interconnect-cd2e76203435860b/rtl/low_latency_interco/MUX2_REQ.sv \
###     $ROOT/.bender/git/checkouts/cluster_interconnect-cd2e76203435860b/rtl/low_latency_interco/AddressDecoder_Resp.sv \
###     $ROOT/.bender/git/checkouts/cluster_interconnect-cd2e76203435860b/rtl/low_latency_interco/TestAndSet.sv \
###     $ROOT/.bender/git/checkouts/cluster_interconnect-cd2e76203435860b/rtl/low_latency_interco/RequestBlock2CH.sv \
###     $ROOT/.bender/git/checkouts/cluster_interconnect-cd2e76203435860b/rtl/low_latency_interco/RequestBlock1CH.sv \
###     $ROOT/.bender/git/checkouts/cluster_interconnect-cd2e76203435860b/rtl/low_latency_interco/FanInPrimitive_Resp.sv \
###     $ROOT/.bender/git/checkouts/cluster_interconnect-cd2e76203435860b/rtl/low_latency_interco/ResponseTree.sv \
###     $ROOT/.bender/git/checkouts/cluster_interconnect-cd2e76203435860b/rtl/low_latency_interco/ResponseBlock.sv \
###     $ROOT/.bender/git/checkouts/cluster_interconnect-cd2e76203435860b/rtl/low_latency_interco/AddressDecoder_Req.sv \
###     $ROOT/.bender/git/checkouts/cluster_interconnect-cd2e76203435860b/rtl/low_latency_interco/XBAR_TCDM.sv \
###     $ROOT/.bender/git/checkouts/cluster_interconnect-cd2e76203435860b/rtl/low_latency_interco/XBAR_TCDM_WRAPPER.sv \
###     $ROOT/.bender/git/checkouts/cluster_interconnect-cd2e76203435860b/rtl/low_latency_interco/TCDM_PIPE_REQ.sv \
###     $ROOT/.bender/git/checkouts/cluster_interconnect-cd2e76203435860b/rtl/low_latency_interco/TCDM_PIPE_RESP.sv \
###     $ROOT/.bender/git/checkouts/cluster_interconnect-cd2e76203435860b/rtl/low_latency_interco/grant_mask.sv \
###     $ROOT/.bender/git/checkouts/cluster_interconnect-cd2e76203435860b/rtl/low_latency_interco/priority_Flag_Req.sv \
###     $ROOT/.bender/git/checkouts/cluster_interconnect-cd2e76203435860b/rtl/peripheral_interco/AddressDecoder_PE_Req.sv \
###     $ROOT/.bender/git/checkouts/cluster_interconnect-cd2e76203435860b/rtl/peripheral_interco/AddressDecoder_Resp_PE.sv \
###     $ROOT/.bender/git/checkouts/cluster_interconnect-cd2e76203435860b/rtl/peripheral_interco/ArbitrationTree_PE.sv \
###     $ROOT/.bender/git/checkouts/cluster_interconnect-cd2e76203435860b/rtl/peripheral_interco/FanInPrimitive_Req_PE.sv \
###     $ROOT/.bender/git/checkouts/cluster_interconnect-cd2e76203435860b/rtl/peripheral_interco/RR_Flag_Req_PE.sv \
###     $ROOT/.bender/git/checkouts/cluster_interconnect-cd2e76203435860b/rtl/peripheral_interco/MUX2_REQ_PE.sv \
###     $ROOT/.bender/git/checkouts/cluster_interconnect-cd2e76203435860b/rtl/peripheral_interco/FanInPrimitive_PE_Resp.sv \
###     $ROOT/.bender/git/checkouts/cluster_interconnect-cd2e76203435860b/rtl/peripheral_interco/RequestBlock1CH_PE.sv \
###     $ROOT/.bender/git/checkouts/cluster_interconnect-cd2e76203435860b/rtl/peripheral_interco/RequestBlock2CH_PE.sv \
###     $ROOT/.bender/git/checkouts/cluster_interconnect-cd2e76203435860b/rtl/peripheral_interco/ResponseBlock_PE.sv \
###     $ROOT/.bender/git/checkouts/cluster_interconnect-cd2e76203435860b/rtl/peripheral_interco/ResponseTree_PE.sv \
###     $ROOT/.bender/git/checkouts/cluster_interconnect-cd2e76203435860b/rtl/peripheral_interco/XBAR_PE.sv \
### ]
### add_files -norecurse -fileset [current_fileset] [list \
###     $ROOT/.bender/git/checkouts/cv32e40p-1bd0b2f06e9c89fa/rtl/include/cv32e40p_apu_core_pkg.sv \
###     $ROOT/.bender/git/checkouts/cv32e40p-1bd0b2f06e9c89fa/rtl/include/cv32e40p_fpu_pkg.sv \
###     $ROOT/.bender/git/checkouts/cv32e40p-1bd0b2f06e9c89fa/rtl/include/cv32e40p_pkg.sv \
###     $ROOT/.bender/git/checkouts/cv32e40p-1bd0b2f06e9c89fa/rtl/cv32e40p_alu.sv \
###     $ROOT/.bender/git/checkouts/cv32e40p-1bd0b2f06e9c89fa/rtl/cv32e40p_alu_div.sv \
###     $ROOT/.bender/git/checkouts/cv32e40p-1bd0b2f06e9c89fa/rtl/cv32e40p_aligner.sv \
###     $ROOT/.bender/git/checkouts/cv32e40p-1bd0b2f06e9c89fa/rtl/cv32e40p_compressed_decoder.sv \
###     $ROOT/.bender/git/checkouts/cv32e40p-1bd0b2f06e9c89fa/rtl/cv32e40p_controller.sv \
###     $ROOT/.bender/git/checkouts/cv32e40p-1bd0b2f06e9c89fa/rtl/cv32e40p_cs_registers.sv \
###     $ROOT/.bender/git/checkouts/cv32e40p-1bd0b2f06e9c89fa/rtl/cv32e40p_decoder.sv \
###     $ROOT/.bender/git/checkouts/cv32e40p-1bd0b2f06e9c89fa/rtl/cv32e40p_int_controller.sv \
###     $ROOT/.bender/git/checkouts/cv32e40p-1bd0b2f06e9c89fa/rtl/cv32e40p_ex_stage.sv \
###     $ROOT/.bender/git/checkouts/cv32e40p-1bd0b2f06e9c89fa/rtl/cv32e40p_fifo.sv \
###     $ROOT/.bender/git/checkouts/cv32e40p-1bd0b2f06e9c89fa/rtl/cv32e40p_hwloop_regs.sv \
###     $ROOT/.bender/git/checkouts/cv32e40p-1bd0b2f06e9c89fa/rtl/cv32e40p_id_stage.sv \
###     $ROOT/.bender/git/checkouts/cv32e40p-1bd0b2f06e9c89fa/rtl/cv32e40p_if_stage.sv \
###     $ROOT/.bender/git/checkouts/cv32e40p-1bd0b2f06e9c89fa/rtl/cv32e40p_load_store_unit.sv \
###     $ROOT/.bender/git/checkouts/cv32e40p-1bd0b2f06e9c89fa/rtl/cv32e40p_mult.sv \
###     $ROOT/.bender/git/checkouts/cv32e40p-1bd0b2f06e9c89fa/rtl/cv32e40p_prefetch_buffer.sv \
###     $ROOT/.bender/git/checkouts/cv32e40p-1bd0b2f06e9c89fa/rtl/cv32e40p_prefetch_controller.sv \
###     $ROOT/.bender/git/checkouts/cv32e40p-1bd0b2f06e9c89fa/rtl/cv32e40p_obi_interface.sv \
###     $ROOT/.bender/git/checkouts/cv32e40p-1bd0b2f06e9c89fa/rtl/cv32e40p_core.sv \
###     $ROOT/.bender/git/checkouts/cv32e40p-1bd0b2f06e9c89fa/rtl/cv32e40p_apu_disp.sv \
###     $ROOT/.bender/git/checkouts/cv32e40p-1bd0b2f06e9c89fa/rtl/cv32e40p_popcnt.sv \
###     $ROOT/.bender/git/checkouts/cv32e40p-1bd0b2f06e9c89fa/rtl/cv32e40p_ff_one.sv \
###     $ROOT/.bender/git/checkouts/cv32e40p-1bd0b2f06e9c89fa/rtl/cv32e40p_sleep_unit.sv \
### ]
### add_files -norecurse -fileset [current_fileset] [list \
###     $ROOT/.bender/git/checkouts/cv32e40p-1bd0b2f06e9c89fa/rtl/cv32e40p_register_file_ff.sv \
### ]
### add_files -norecurse -fileset [current_fileset] [list \
###     $ROOT/.bender/git/checkouts/hwpe-mac-engine-bda8f57a02fedb57/rtl/mac_package.sv \
###     $ROOT/.bender/git/checkouts/hwpe-mac-engine-bda8f57a02fedb57/rtl/mac_engine.sv \
###     $ROOT/.bender/git/checkouts/hwpe-mac-engine-bda8f57a02fedb57/rtl/mac_fsm.sv \
###     $ROOT/.bender/git/checkouts/hwpe-mac-engine-bda8f57a02fedb57/rtl/mac_streamer.sv \
###     $ROOT/.bender/git/checkouts/hwpe-mac-engine-bda8f57a02fedb57/rtl/mac_ctrl.sv \
###     $ROOT/.bender/git/checkouts/hwpe-mac-engine-bda8f57a02fedb57/rtl/mac_top.sv \
###     $ROOT/.bender/git/checkouts/hwpe-mac-engine-bda8f57a02fedb57/wrap/mac_top_wrap.sv \
### ]
### add_files -norecurse -fileset [current_fileset] [list \
###     $ROOT/.bender/git/checkouts/ibex-1ed1f888f0ee8d9a/rtl/ibex_register_file_latch.sv \
###     $ROOT/.bender/git/checkouts/ibex-1ed1f888f0ee8d9a/rtl/ibex_register_file_ff.sv \
###     $ROOT/.bender/git/checkouts/ibex-1ed1f888f0ee8d9a/rtl/ibex_register_file_fpga.sv \
### ]
### add_files -norecurse -fileset [current_fileset] [list \
###     $ROOT/.bender/git/checkouts/ibex-1ed1f888f0ee8d9a/rtl/ibex_pkg.sv \
###     $ROOT/.bender/git/checkouts/ibex-1ed1f888f0ee8d9a/vendor/lowrisc_ip/ip/prim/rtl/prim_assert.sv \
###     $ROOT/.bender/git/checkouts/ibex-1ed1f888f0ee8d9a/rtl/ibex_alu.sv \
###     $ROOT/.bender/git/checkouts/ibex-1ed1f888f0ee8d9a/rtl/ibex_compressed_decoder.sv \
###     $ROOT/.bender/git/checkouts/ibex-1ed1f888f0ee8d9a/rtl/ibex_controller.sv \
###     $ROOT/.bender/git/checkouts/ibex-1ed1f888f0ee8d9a/rtl/ibex_counter.sv \
###     $ROOT/.bender/git/checkouts/ibex-1ed1f888f0ee8d9a/rtl/ibex_csr.sv \
###     $ROOT/.bender/git/checkouts/ibex-1ed1f888f0ee8d9a/rtl/ibex_decoder.sv \
###     $ROOT/.bender/git/checkouts/ibex-1ed1f888f0ee8d9a/rtl/ibex_fetch_fifo.sv \
###     $ROOT/.bender/git/checkouts/ibex-1ed1f888f0ee8d9a/rtl/ibex_load_store_unit.sv \
###     $ROOT/.bender/git/checkouts/ibex-1ed1f888f0ee8d9a/rtl/ibex_multdiv_fast.sv \
###     $ROOT/.bender/git/checkouts/ibex-1ed1f888f0ee8d9a/rtl/ibex_multdiv_slow.sv \
###     $ROOT/.bender/git/checkouts/ibex-1ed1f888f0ee8d9a/rtl/ibex_pmp.sv \
###     $ROOT/.bender/git/checkouts/ibex-1ed1f888f0ee8d9a/rtl/ibex_wb_stage.sv \
###     $ROOT/.bender/git/checkouts/ibex-1ed1f888f0ee8d9a/rtl/ibex_cs_registers.sv \
###     $ROOT/.bender/git/checkouts/ibex-1ed1f888f0ee8d9a/rtl/ibex_ex_block.sv \
###     $ROOT/.bender/git/checkouts/ibex-1ed1f888f0ee8d9a/rtl/ibex_id_stage.sv \
###     $ROOT/.bender/git/checkouts/ibex-1ed1f888f0ee8d9a/rtl/ibex_prefetch_buffer.sv \
###     $ROOT/.bender/git/checkouts/ibex-1ed1f888f0ee8d9a/rtl/ibex_if_stage.sv \
###     $ROOT/.bender/git/checkouts/ibex-1ed1f888f0ee8d9a/rtl/ibex_core.sv \
### ]
### add_files -norecurse -fileset [current_fileset] [list \
###     $ROOT/.bender/git/checkouts/jtag_pulp-670643485f6ff26e/src/bscell.sv \
###     $ROOT/.bender/git/checkouts/jtag_pulp-670643485f6ff26e/src/jtag_axi_wrap.sv \
###     $ROOT/.bender/git/checkouts/jtag_pulp-670643485f6ff26e/src/jtag_enable.sv \
###     $ROOT/.bender/git/checkouts/jtag_pulp-670643485f6ff26e/src/jtag_enable_synch.sv \
###     $ROOT/.bender/git/checkouts/jtag_pulp-670643485f6ff26e/src/jtagreg.sv \
###     $ROOT/.bender/git/checkouts/jtag_pulp-670643485f6ff26e/src/jtag_rst_synch.sv \
###     $ROOT/.bender/git/checkouts/jtag_pulp-670643485f6ff26e/src/jtag_sync.sv \
###     $ROOT/.bender/git/checkouts/jtag_pulp-670643485f6ff26e/src/tap_top.v \
### ]
### add_files -norecurse -fileset [current_fileset] [list \
###     $ROOT/.bender/git/checkouts/l2_tcdm_hybrid_interco-6f75bb3937609e47/RTL/l2_tcdm_demux.sv \
###     $ROOT/.bender/git/checkouts/l2_tcdm_hybrid_interco-6f75bb3937609e47/RTL/lint_2_apb.sv \
###     $ROOT/.bender/git/checkouts/l2_tcdm_hybrid_interco-6f75bb3937609e47/RTL/lint_2_axi.sv \
###     $ROOT/.bender/git/checkouts/l2_tcdm_hybrid_interco-6f75bb3937609e47/RTL/axi_2_lint/axi64_2_lint32.sv \
###     $ROOT/.bender/git/checkouts/l2_tcdm_hybrid_interco-6f75bb3937609e47/RTL/axi_2_lint/axi_read_ctrl.sv \
###     $ROOT/.bender/git/checkouts/l2_tcdm_hybrid_interco-6f75bb3937609e47/RTL/axi_2_lint/axi_write_ctrl.sv \
###     $ROOT/.bender/git/checkouts/l2_tcdm_hybrid_interco-6f75bb3937609e47/RTL/axi_2_lint/lint64_to_32.sv \
###     $ROOT/.bender/git/checkouts/l2_tcdm_hybrid_interco-6f75bb3937609e47/RTL/XBAR_L2/AddressDecoder_Req_L2.sv \
###     $ROOT/.bender/git/checkouts/l2_tcdm_hybrid_interco-6f75bb3937609e47/RTL/XBAR_L2/AddressDecoder_Resp_L2.sv \
###     $ROOT/.bender/git/checkouts/l2_tcdm_hybrid_interco-6f75bb3937609e47/RTL/XBAR_L2/ArbitrationTree_L2.sv \
###     $ROOT/.bender/git/checkouts/l2_tcdm_hybrid_interco-6f75bb3937609e47/RTL/XBAR_L2/FanInPrimitive_Req_L2.sv \
###     $ROOT/.bender/git/checkouts/l2_tcdm_hybrid_interco-6f75bb3937609e47/RTL/XBAR_L2/FanInPrimitive_Resp_L2.sv \
###     $ROOT/.bender/git/checkouts/l2_tcdm_hybrid_interco-6f75bb3937609e47/RTL/XBAR_L2/MUX2_REQ_L2.sv \
###     $ROOT/.bender/git/checkouts/l2_tcdm_hybrid_interco-6f75bb3937609e47/RTL/XBAR_L2/RequestBlock_L2_1CH.sv \
###     $ROOT/.bender/git/checkouts/l2_tcdm_hybrid_interco-6f75bb3937609e47/RTL/XBAR_L2/RequestBlock_L2_2CH.sv \
###     $ROOT/.bender/git/checkouts/l2_tcdm_hybrid_interco-6f75bb3937609e47/RTL/XBAR_L2/ResponseBlock_L2.sv \
###     $ROOT/.bender/git/checkouts/l2_tcdm_hybrid_interco-6f75bb3937609e47/RTL/XBAR_L2/ResponseTree_L2.sv \
###     $ROOT/.bender/git/checkouts/l2_tcdm_hybrid_interco-6f75bb3937609e47/RTL/XBAR_L2/RR_Flag_Req_L2.sv \
###     $ROOT/.bender/git/checkouts/l2_tcdm_hybrid_interco-6f75bb3937609e47/RTL/XBAR_L2/XBAR_L2.sv \
###     $ROOT/.bender/git/checkouts/l2_tcdm_hybrid_interco-6f75bb3937609e47/RTL/XBAR_BRIDGE/AddressDecoder_Req_BRIDGE.sv \
###     $ROOT/.bender/git/checkouts/l2_tcdm_hybrid_interco-6f75bb3937609e47/RTL/XBAR_BRIDGE/AddressDecoder_Resp_BRIDGE.sv \
###     $ROOT/.bender/git/checkouts/l2_tcdm_hybrid_interco-6f75bb3937609e47/RTL/XBAR_BRIDGE/ArbitrationTree_BRIDGE.sv \
###     $ROOT/.bender/git/checkouts/l2_tcdm_hybrid_interco-6f75bb3937609e47/RTL/XBAR_BRIDGE/FanInPrimitive_Req_BRIDGE.sv \
###     $ROOT/.bender/git/checkouts/l2_tcdm_hybrid_interco-6f75bb3937609e47/RTL/XBAR_BRIDGE/FanInPrimitive_Resp_BRIDGE.sv \
###     $ROOT/.bender/git/checkouts/l2_tcdm_hybrid_interco-6f75bb3937609e47/RTL/XBAR_BRIDGE/MUX2_REQ_BRIDGE.sv \
###     $ROOT/.bender/git/checkouts/l2_tcdm_hybrid_interco-6f75bb3937609e47/RTL/XBAR_BRIDGE/RequestBlock1CH_BRIDGE.sv \
###     $ROOT/.bender/git/checkouts/l2_tcdm_hybrid_interco-6f75bb3937609e47/RTL/XBAR_BRIDGE/RequestBlock2CH_BRIDGE.sv \
###     $ROOT/.bender/git/checkouts/l2_tcdm_hybrid_interco-6f75bb3937609e47/RTL/XBAR_BRIDGE/ResponseBlock_BRIDGE.sv \
###     $ROOT/.bender/git/checkouts/l2_tcdm_hybrid_interco-6f75bb3937609e47/RTL/XBAR_BRIDGE/ResponseTree_BRIDGE.sv \
###     $ROOT/.bender/git/checkouts/l2_tcdm_hybrid_interco-6f75bb3937609e47/RTL/XBAR_BRIDGE/RR_Flag_Req_BRIDGE.sv \
###     $ROOT/.bender/git/checkouts/l2_tcdm_hybrid_interco-6f75bb3937609e47/RTL/XBAR_BRIDGE/XBAR_BRIDGE.sv \
### ]
### add_files -norecurse -fileset [current_fileset] [list \
###     $ROOT/.bender/git/checkouts/register_interface-eb9e866f3e0731e1/src/reg_intf.sv \
###     $ROOT/.bender/git/checkouts/register_interface-eb9e866f3e0731e1/vendor/lowrisc_opentitan/src/prim_subreg_arb.sv \
###     $ROOT/.bender/git/checkouts/register_interface-eb9e866f3e0731e1/vendor/lowrisc_opentitan/src/prim_subreg_ext.sv \
###     $ROOT/.bender/git/checkouts/register_interface-eb9e866f3e0731e1/src/apb_to_reg.sv \
###     $ROOT/.bender/git/checkouts/register_interface-eb9e866f3e0731e1/src/axi_to_reg.sv \
###     $ROOT/.bender/git/checkouts/register_interface-eb9e866f3e0731e1/src/periph_to_reg.sv \
###     $ROOT/.bender/git/checkouts/register_interface-eb9e866f3e0731e1/src/reg_cdc.sv \
###     $ROOT/.bender/git/checkouts/register_interface-eb9e866f3e0731e1/src/reg_demux.sv \
###     $ROOT/.bender/git/checkouts/register_interface-eb9e866f3e0731e1/src/reg_mux.sv \
###     $ROOT/.bender/git/checkouts/register_interface-eb9e866f3e0731e1/src/reg_to_mem.sv \
###     $ROOT/.bender/git/checkouts/register_interface-eb9e866f3e0731e1/src/reg_uniform.sv \
###     $ROOT/.bender/git/checkouts/register_interface-eb9e866f3e0731e1/vendor/lowrisc_opentitan/src/prim_subreg_shadow.sv \
###     $ROOT/.bender/git/checkouts/register_interface-eb9e866f3e0731e1/vendor/lowrisc_opentitan/src/prim_subreg.sv \
###     $ROOT/.bender/git/checkouts/register_interface-eb9e866f3e0731e1/src/axi_lite_to_reg.sv \
### ]
### add_files -norecurse -fileset [current_fileset] [list \
###     $ROOT/.bender/git/checkouts/riscv-dbg-7c98112a0e15ffb0/src/dm_pkg.sv \
###     $ROOT/.bender/git/checkouts/riscv-dbg-7c98112a0e15ffb0/debug_rom/debug_rom.sv \
###     $ROOT/.bender/git/checkouts/riscv-dbg-7c98112a0e15ffb0/debug_rom/debug_rom_one_scratch.sv \
###     $ROOT/.bender/git/checkouts/riscv-dbg-7c98112a0e15ffb0/src/dm_csrs.sv \
###     $ROOT/.bender/git/checkouts/riscv-dbg-7c98112a0e15ffb0/src/dm_mem.sv \
###     $ROOT/.bender/git/checkouts/riscv-dbg-7c98112a0e15ffb0/src/dmi_cdc.sv \
### ]
### add_files -norecurse -fileset [current_fileset] [list \
###     $ROOT/.bender/git/checkouts/riscv-dbg-7c98112a0e15ffb0/src/dmi_jtag_tap.sv \
### ]
### add_files -norecurse -fileset [current_fileset] [list \
###     $ROOT/.bender/git/checkouts/riscv-dbg-7c98112a0e15ffb0/src/dm_sba.sv \
###     $ROOT/.bender/git/checkouts/riscv-dbg-7c98112a0e15ffb0/src/dm_top.sv \
###     $ROOT/.bender/git/checkouts/riscv-dbg-7c98112a0e15ffb0/src/dmi_jtag.sv \
###     $ROOT/.bender/git/checkouts/riscv-dbg-7c98112a0e15ffb0/src/dm_obi_top.sv \
### ]
### add_files -norecurse -fileset [current_fileset] [list \
###     $ROOT/.bender/git/checkouts/scm-ccd288438c0b5a60/fpga_scm/register_file_1r_1w_all.sv \
###     $ROOT/.bender/git/checkouts/scm-ccd288438c0b5a60/fpga_scm/register_file_1r_1w_be.sv \
###     $ROOT/.bender/git/checkouts/scm-ccd288438c0b5a60/fpga_scm/register_file_1r_1w.sv \
###     $ROOT/.bender/git/checkouts/scm-ccd288438c0b5a60/fpga_scm/register_file_1r_1w_1row.sv \
###     $ROOT/.bender/git/checkouts/scm-ccd288438c0b5a60/fpga_scm/register_file_1r_1w_raw.sv \
###     $ROOT/.bender/git/checkouts/scm-ccd288438c0b5a60/fpga_scm/register_file_1w_multi_port_read.sv \
###     $ROOT/.bender/git/checkouts/scm-ccd288438c0b5a60/fpga_scm/register_file_1w_64b_multi_port_read_32b.sv \
###     $ROOT/.bender/git/checkouts/scm-ccd288438c0b5a60/fpga_scm/register_file_1w_64b_1r_32b.sv \
###     $ROOT/.bender/git/checkouts/scm-ccd288438c0b5a60/fpga_scm/register_file_2r_1w_asymm.sv \
###     $ROOT/.bender/git/checkouts/scm-ccd288438c0b5a60/fpga_scm/register_file_2r_1w_asymm_test_wrap.sv \
###     $ROOT/.bender/git/checkouts/scm-ccd288438c0b5a60/fpga_scm/register_file_2r_2w.sv \
###     $ROOT/.bender/git/checkouts/scm-ccd288438c0b5a60/fpga_scm/register_file_3r_2w.sv \
### ]
### add_files -norecurse -fileset [current_fileset] [list \
###     $ROOT/.bender/git/checkouts/timer_unit-a67731aa2e00940e/rtl/timer_unit_counter.sv \
###     $ROOT/.bender/git/checkouts/timer_unit-a67731aa2e00940e/rtl/timer_unit_counter_presc.sv \
###     $ROOT/.bender/git/checkouts/timer_unit-a67731aa2e00940e/rtl/apb_timer_unit.sv \
###     $ROOT/.bender/git/checkouts/timer_unit-a67731aa2e00940e/rtl/timer_unit.sv \
### ]
### add_files -norecurse -fileset [current_fileset] [list \
###     $ROOT/.bender/git/checkouts/udma_camera-21de0a4f6e514abd/rtl/camera_reg_if.sv \
###     $ROOT/.bender/git/checkouts/udma_camera-21de0a4f6e514abd/rtl/camera_if.sv \
### ]
### add_files -norecurse -fileset [current_fileset] [list \
###     $ROOT/.bender/git/checkouts/udma_external_per-5630a933cf86e077/rtl/udma_external_per_reg_if.sv \
###     $ROOT/.bender/git/checkouts/udma_external_per-5630a933cf86e077/rtl/udma_traffic_gen_rx.sv \
###     $ROOT/.bender/git/checkouts/udma_external_per-5630a933cf86e077/rtl/udma_traffic_gen_tx.sv \
###     $ROOT/.bender/git/checkouts/udma_external_per-5630a933cf86e077/rtl/udma_external_per_top.sv \
###     $ROOT/.bender/git/checkouts/udma_external_per-5630a933cf86e077/rtl/udma_external_per_wrapper.sv \
### ]
### add_files -norecurse -fileset [current_fileset] [list \
###     $ROOT/.bender/git/checkouts/udma_filter-c279f5816e82760e/rtl/udma_filter_au.sv \
###     $ROOT/.bender/git/checkouts/udma_filter-c279f5816e82760e/rtl/udma_filter_bincu.sv \
###     $ROOT/.bender/git/checkouts/udma_filter-c279f5816e82760e/rtl/udma_filter_reg_if.sv \
###     $ROOT/.bender/git/checkouts/udma_filter-c279f5816e82760e/rtl/udma_filter_rx_dataout.sv \
###     $ROOT/.bender/git/checkouts/udma_filter-c279f5816e82760e/rtl/udma_filter_tx_datafetch.sv \
###     $ROOT/.bender/git/checkouts/udma_filter-c279f5816e82760e/rtl/udma_filter.sv \
### ]
### add_files -norecurse -fileset [current_fileset] [list \
###     $ROOT/.bender/git/checkouts/udma_hyper-268b385f057e6bde/udma-hyperbus/src/cdc_fifo_gray_hyper.sv \
###     $ROOT/.bender/git/checkouts/udma_hyper-268b385f057e6bde/udma-hyperbus/src/graycode_hyper.sv \
###     $ROOT/.bender/git/checkouts/udma_hyper-268b385f057e6bde/udma-hyperbus/src/clock_diff_out.sv \
###     $ROOT/.bender/git/checkouts/udma_hyper-268b385f057e6bde/udma-hyperbus/src/clk_gen_hyper.sv \
###     $ROOT/.bender/git/checkouts/udma_hyper-268b385f057e6bde/udma-hyperbus/src/onehot_to_bin_hyper.sv \
###     $ROOT/.bender/git/checkouts/udma_hyper-268b385f057e6bde/udma-hyperbus/src/ddr_out.sv \
###     $ROOT/.bender/git/checkouts/udma_hyper-268b385f057e6bde/udma-hyperbus/src/hyperbus_delay_line.sv \
###     $ROOT/.bender/git/checkouts/udma_hyper-268b385f057e6bde/udma-hyperbus/src/read_clk_rwds.sv \
###     $ROOT/.bender/git/checkouts/udma_hyper-268b385f057e6bde/udma-hyperbus/src/hyperbus_phy.sv \
###     $ROOT/.bender/git/checkouts/udma_hyper-268b385f057e6bde/udma-hyperbus/src/cmd_addr_gen.sv \
###     $ROOT/.bender/git/checkouts/udma_hyper-268b385f057e6bde/udma-hyperbus/src/ddr_in.sv \
###     $ROOT/.bender/git/checkouts/udma_hyper-268b385f057e6bde/udma-hyperbus/src/udma_hyper_reg_if_common.sv \
###     $ROOT/.bender/git/checkouts/udma_hyper-268b385f057e6bde/udma-hyperbus/src/udma_hyper_reg_if_mulid.sv \
###     $ROOT/.bender/git/checkouts/udma_hyper-268b385f057e6bde/udma-hyperbus/src/udma_rxbuffer.sv \
###     $ROOT/.bender/git/checkouts/udma_hyper-268b385f057e6bde/udma-hyperbus/src/udma_txbuffer.sv \
###     $ROOT/.bender/git/checkouts/udma_hyper-268b385f057e6bde/udma-hyperbus/src/udma_hyper_ctrl.sv \
###     $ROOT/.bender/git/checkouts/udma_hyper-268b385f057e6bde/udma-hyperbus/src/udma_hyperbus_mulid.sv \
###     $ROOT/.bender/git/checkouts/udma_hyper-268b385f057e6bde/udma-hyperbus/src/hyper_unpack.sv \
###     $ROOT/.bender/git/checkouts/udma_hyper-268b385f057e6bde/udma-hyperbus/src/udma_cfg_outbuff.sv \
###     $ROOT/.bender/git/checkouts/udma_hyper-268b385f057e6bde/udma-hyperbus/src/hyperbus_mux_generic.sv \
###     $ROOT/.bender/git/checkouts/udma_hyper-268b385f057e6bde/udma-hyperbus/src/hyper_twd_trans_spliter.sv \
###     $ROOT/.bender/git/checkouts/udma_hyper-268b385f057e6bde/udma-hyperbus/src/hyper_rr_flag_req.sv \
###     $ROOT/.bender/git/checkouts/udma_hyper-268b385f057e6bde/udma-hyperbus/src/hyper_arbiter.sv \
###     $ROOT/.bender/git/checkouts/udma_hyper-268b385f057e6bde/udma-hyperbus/src/hyper_arb_primitive.sv \
###     $ROOT/.bender/git/checkouts/udma_hyper-268b385f057e6bde/udma-hyperbus/src/io_generic_fifo_hyper.sv \
###     $ROOT/.bender/git/checkouts/udma_hyper-268b385f057e6bde/udma-hyperbus/src/udma_dc_fifo_hyper.sv \
###     $ROOT/.bender/git/checkouts/udma_hyper-268b385f057e6bde/udma-hyperbus/src/dc_token_ring_fifo_din_hyper.v \
###     $ROOT/.bender/git/checkouts/udma_hyper-268b385f057e6bde/udma-hyperbus/src/dc_token_ring_fifo_dout_hyper.v \
###     $ROOT/.bender/git/checkouts/udma_hyper-268b385f057e6bde/udma-hyperbus/src/dc_token_ring_hyper.v \
###     $ROOT/.bender/git/checkouts/udma_hyper-268b385f057e6bde/udma-hyperbus/src/dc_data_buffer_hyper.sv \
###     $ROOT/.bender/git/checkouts/udma_hyper-268b385f057e6bde/udma-hyperbus/src/dc_full_detector_hyper.v \
###     $ROOT/.bender/git/checkouts/udma_hyper-268b385f057e6bde/udma-hyperbus/src/dc_synchronizer_hyper.v \
###     $ROOT/.bender/git/checkouts/udma_hyper-268b385f057e6bde/udma-hyperbus/src/udma_cmd_queue.sv \
###     $ROOT/.bender/git/checkouts/udma_hyper-268b385f057e6bde/udma-hyperbus/src/udma_hyper_busy.sv \
###     $ROOT/.bender/git/checkouts/udma_hyper-268b385f057e6bde/udma-hyperbus/src/udma_hyper_busy_phy.sv \
###     $ROOT/.bender/git/checkouts/udma_hyper-268b385f057e6bde/udma-hyperbus/src/udma_hyper_top.sv \
### ]
### add_files -norecurse -fileset [current_fileset] [list \
###     $ROOT/.bender/git/checkouts/udma_i2c-b6d6aa6271adcd0c/rtl/udma_i2c_bus_ctrl.sv \
###     $ROOT/.bender/git/checkouts/udma_i2c-b6d6aa6271adcd0c/rtl/udma_i2c_reg_if.sv \
###     $ROOT/.bender/git/checkouts/udma_i2c-b6d6aa6271adcd0c/rtl/udma_i2c_control.sv \
###     $ROOT/.bender/git/checkouts/udma_i2c-b6d6aa6271adcd0c/rtl/udma_i2c_top.sv \
### ]
### add_files -norecurse -fileset [current_fileset] [list \
###     $ROOT/.bender/git/checkouts/udma_i2s-918ee355380d7093/rtl/cic_comb.sv \
###     $ROOT/.bender/git/checkouts/udma_i2s-918ee355380d7093/rtl/cic_integrator.sv \
###     $ROOT/.bender/git/checkouts/udma_i2s-918ee355380d7093/rtl/i2s_clk_gen.sv \
###     $ROOT/.bender/git/checkouts/udma_i2s-918ee355380d7093/rtl/i2s_rx_channel.sv \
###     $ROOT/.bender/git/checkouts/udma_i2s-918ee355380d7093/rtl/i2s_tx_channel.sv \
###     $ROOT/.bender/git/checkouts/udma_i2s-918ee355380d7093/rtl/i2s_ws_gen.sv \
###     $ROOT/.bender/git/checkouts/udma_i2s-918ee355380d7093/rtl/udma_i2s_reg_if.sv \
###     $ROOT/.bender/git/checkouts/udma_i2s-918ee355380d7093/rtl/cic_top.sv \
###     $ROOT/.bender/git/checkouts/udma_i2s-918ee355380d7093/rtl/i2s_clkws_gen.sv \
###     $ROOT/.bender/git/checkouts/udma_i2s-918ee355380d7093/rtl/pdm_top.sv \
###     $ROOT/.bender/git/checkouts/udma_i2s-918ee355380d7093/rtl/i2s_txrx.sv \
###     $ROOT/.bender/git/checkouts/udma_i2s-918ee355380d7093/rtl/udma_i2s_top.sv \
### ]
### add_files -norecurse -fileset [current_fileset] [list \
###     $ROOT/.bender/git/checkouts/udma_qspi-a05abba6367cd932/rtl/udma_spim_ctrl.sv \
###     $ROOT/.bender/git/checkouts/udma_qspi-a05abba6367cd932/rtl/udma_spim_reg_if.sv \
###     $ROOT/.bender/git/checkouts/udma_qspi-a05abba6367cd932/rtl/udma_spim_txrx.sv \
###     $ROOT/.bender/git/checkouts/udma_qspi-a05abba6367cd932/rtl/udma_spim_top.sv \
### ]
### add_files -norecurse -fileset [current_fileset] [list \
###     $ROOT/.bender/git/checkouts/udma_sdio-7584095ad0ee539b/rtl/sdio_crc16.sv \
###     $ROOT/.bender/git/checkouts/udma_sdio-7584095ad0ee539b/rtl/sdio_crc7.sv \
###     $ROOT/.bender/git/checkouts/udma_sdio-7584095ad0ee539b/rtl/udma_sdio_reg_if.sv \
###     $ROOT/.bender/git/checkouts/udma_sdio-7584095ad0ee539b/rtl/sdio_txrx_cmd.sv \
###     $ROOT/.bender/git/checkouts/udma_sdio-7584095ad0ee539b/rtl/sdio_txrx_data.sv \
###     $ROOT/.bender/git/checkouts/udma_sdio-7584095ad0ee539b/rtl/sdio_txrx.sv \
###     $ROOT/.bender/git/checkouts/udma_sdio-7584095ad0ee539b/rtl/udma_sdio_top.sv \
### ]
### add_files -norecurse -fileset [current_fileset] [list \
###     $ROOT/.bender/git/checkouts/udma_uart-82cad1f1ac2c700c/rtl/udma_uart_reg_if.sv \
###     $ROOT/.bender/git/checkouts/udma_uart-82cad1f1ac2c700c/rtl/udma_uart_rx.sv \
###     $ROOT/.bender/git/checkouts/udma_uart-82cad1f1ac2c700c/rtl/udma_uart_tx.sv \
###     $ROOT/.bender/git/checkouts/udma_uart-82cad1f1ac2c700c/rtl/udma_uart_top.sv \
### ]
### add_files -norecurse -fileset [current_fileset] [list \
###     $ROOT/.bender/git/checkouts/pulp_soc-426e7b7e589fbdfe/rtl/pulp_soc/pkg_soc_interconnect.sv \
###     $ROOT/.bender/git/checkouts/pulp_soc-426e7b7e589fbdfe/rtl/pulp_soc/axi64_2_lint32_wrap.sv \
###     $ROOT/.bender/git/checkouts/pulp_soc-426e7b7e589fbdfe/rtl/pulp_soc/lint_2_axi_wrap.sv \
###     $ROOT/.bender/git/checkouts/pulp_soc-426e7b7e589fbdfe/rtl/pulp_soc/contiguous_crossbar.sv \
###     $ROOT/.bender/git/checkouts/pulp_soc-426e7b7e589fbdfe/rtl/pulp_soc/interleaved_crossbar.sv \
###     $ROOT/.bender/git/checkouts/pulp_soc-426e7b7e589fbdfe/rtl/pulp_soc/tcdm_demux.sv \
###     $ROOT/.bender/git/checkouts/pulp_soc-426e7b7e589fbdfe/rtl/pulp_soc/boot_rom.sv \
###     $ROOT/.bender/git/checkouts/pulp_soc-426e7b7e589fbdfe/rtl/pulp_soc/l2_ram_multi_bank.sv \
###     $ROOT/.bender/git/checkouts/pulp_soc-426e7b7e589fbdfe/rtl/pulp_soc/lint_jtag_wrap.sv \
###     $ROOT/.bender/git/checkouts/pulp_soc-426e7b7e589fbdfe/rtl/pulp_soc/periph_bus_wrap.sv \
###     $ROOT/.bender/git/checkouts/pulp_soc-426e7b7e589fbdfe/rtl/pulp_soc/soc_clk_rst_gen.sv \
###     $ROOT/.bender/git/checkouts/pulp_soc-426e7b7e589fbdfe/rtl/pulp_soc/soc_event_arbiter.sv \
###     $ROOT/.bender/git/checkouts/pulp_soc-426e7b7e589fbdfe/rtl/pulp_soc/soc_event_generator.sv \
###     $ROOT/.bender/git/checkouts/pulp_soc-426e7b7e589fbdfe/rtl/pulp_soc/soc_event_queue.sv \
###     $ROOT/.bender/git/checkouts/pulp_soc-426e7b7e589fbdfe/rtl/pulp_soc/tcdm_error_slave.sv \
###     $ROOT/.bender/git/checkouts/pulp_soc-426e7b7e589fbdfe/rtl/pulp_soc/soc_interconnect.sv \
###     $ROOT/.bender/git/checkouts/pulp_soc-426e7b7e589fbdfe/rtl/pulp_soc/soc_interconnect_wrap.sv \
###     $ROOT/.bender/git/checkouts/pulp_soc-426e7b7e589fbdfe/rtl/pulp_soc/soc_peripherals.sv \
###     $ROOT/.bender/git/checkouts/pulp_soc-426e7b7e589fbdfe/rtl/pulp_soc/pulp_soc.sv \
### ]
### add_files -norecurse -fileset [current_fileset] [list \
###     $ROOT/.bender/git/checkouts/pulp_soc-426e7b7e589fbdfe/rtl/udma_subsystem/udma_subsystem.sv \
### ]
### add_files -norecurse -fileset [current_fileset] [list \
###     $ROOT/.bender/git/checkouts/pulp_soc-426e7b7e589fbdfe/rtl/fc/fc_demux.sv \
###     $ROOT/.bender/git/checkouts/pulp_soc-426e7b7e589fbdfe/rtl/fc/fc_subsystem.sv \
###     $ROOT/.bender/git/checkouts/pulp_soc-426e7b7e589fbdfe/rtl/fc/fc_hwpe.sv \
###     $ROOT/.bender/git/checkouts/pulp_soc-426e7b7e589fbdfe/rtl/fc/cv32e40p_fp_wrapper.sv \
### ]
### add_files -norecurse -fileset [current_fileset] [list \
###     $ROOT/.bender/git/checkouts/pulp_soc-426e7b7e589fbdfe/rtl/components/apb_clkdiv.sv \
###     $ROOT/.bender/git/checkouts/pulp_soc-426e7b7e589fbdfe/rtl/components/apb_soc_ctrl.sv \
###     $ROOT/.bender/git/checkouts/pulp_soc-426e7b7e589fbdfe/rtl/components/memory_models.sv \
###     $ROOT/.bender/git/checkouts/pulp_soc-426e7b7e589fbdfe/rtl/components/pulp_interfaces.sv \
###     $ROOT/.bender/git/checkouts/pulp_soc-426e7b7e589fbdfe/rtl/components/glitch_free_clk_mux.sv \
###     $ROOT/.bender/git/checkouts/pulp_soc-426e7b7e589fbdfe/rtl/components/scm_2048x32.sv \
###     $ROOT/.bender/git/checkouts/pulp_soc-426e7b7e589fbdfe/rtl/components/scm_512x32.sv \
###     $ROOT/.bender/git/checkouts/pulp_soc-426e7b7e589fbdfe/rtl/components/tcdm_arbiter_2x1.sv \
###     $ROOT/.bender/git/checkouts/pulp_soc-426e7b7e589fbdfe/rtl/components/obi_pulp_adapter.sv \
### ]
### add_files -norecurse -fileset [current_fileset] [list \
###     $ROOT/rtl/pulpissimo/jtag_tap_top.sv \
###     $ROOT/rtl/pulpissimo/pad_frame.sv \
###     $ROOT/rtl/pulpissimo/pad_control.sv \
###     $ROOT/rtl/pulpissimo/soc_domain.sv \
###     $ROOT/rtl/pulpissimo/rtc_date.sv \
###     $ROOT/rtl/pulpissimo/rtc_clock.sv \
###     $ROOT/rtl/pulpissimo/safe_domain_reg_if.sv \
###     $ROOT/rtl/pulpissimo/safe_domain.sv \
###     $ROOT/rtl/pulpissimo/pulpissimo.sv \
### ]
### set_property include_dirs [list \
###     $ROOT/.bender/git/checkouts/adv_dbg_if-5b6b130a03a5c9fc/rtl \
###     $ROOT/.bender/git/checkouts/apb_adv_timer-4c5b7c37534a8b97/rtl \
###     $ROOT/.bender/git/checkouts/axi-6ba48e7137b8faf2/include \
###     $ROOT/.bender/git/checkouts/cluster_interconnect-cd2e76203435860b/rtl/low_latency_interco \
###     $ROOT/.bender/git/checkouts/cluster_interconnect-cd2e76203435860b/rtl/peripheral_interco \
###     $ROOT/.bender/git/checkouts/common_cells-a025d4426209aa2e/include \
###     $ROOT/.bender/git/checkouts/cv32e40p-1bd0b2f06e9c89fa/bhv \
###     $ROOT/.bender/git/checkouts/cv32e40p-1bd0b2f06e9c89fa/rtl/include \
###     $ROOT/.bender/git/checkouts/hwpe-ctrl-84441a57cfe35450/rtl \
###     $ROOT/.bender/git/checkouts/hwpe-mac-engine-bda8f57a02fedb57/rtl \
###     $ROOT/.bender/git/checkouts/hwpe-stream-3d98101b35dad7de/rtl \
###     $ROOT/.bender/git/checkouts/ibex-1ed1f888f0ee8d9a/rtl \
###     $ROOT/.bender/git/checkouts/ibex-1ed1f888f0ee8d9a/vendor/lowrisc_ip/ip/prim/rtl \
###     $ROOT/.bender/git/checkouts/pulp_soc-426e7b7e589fbdfe/rtl/include \
###     $ROOT/.bender/git/checkouts/register_interface-eb9e866f3e0731e1/include \
###     $ROOT/.bender/git/checkouts/udma_core-4dfb66675047f408/rtl \
###     $ROOT/.bender/git/checkouts/udma_i2c-b6d6aa6271adcd0c/rtl \
###     $ROOT/.bender/git/checkouts/udma_qspi-a05abba6367cd932/rtl \
###     $ROOT/rtl/includes \
### ] [current_fileset]
### set_property include_dirs [list \
###     $ROOT/.bender/git/checkouts/adv_dbg_if-5b6b130a03a5c9fc/rtl \
###     $ROOT/.bender/git/checkouts/apb_adv_timer-4c5b7c37534a8b97/rtl \
###     $ROOT/.bender/git/checkouts/axi-6ba48e7137b8faf2/include \
###     $ROOT/.bender/git/checkouts/cluster_interconnect-cd2e76203435860b/rtl/low_latency_interco \
###     $ROOT/.bender/git/checkouts/cluster_interconnect-cd2e76203435860b/rtl/peripheral_interco \
###     $ROOT/.bender/git/checkouts/common_cells-a025d4426209aa2e/include \
###     $ROOT/.bender/git/checkouts/cv32e40p-1bd0b2f06e9c89fa/bhv \
###     $ROOT/.bender/git/checkouts/cv32e40p-1bd0b2f06e9c89fa/rtl/include \
###     $ROOT/.bender/git/checkouts/hwpe-ctrl-84441a57cfe35450/rtl \
###     $ROOT/.bender/git/checkouts/hwpe-mac-engine-bda8f57a02fedb57/rtl \
###     $ROOT/.bender/git/checkouts/hwpe-stream-3d98101b35dad7de/rtl \
###     $ROOT/.bender/git/checkouts/ibex-1ed1f888f0ee8d9a/rtl \
###     $ROOT/.bender/git/checkouts/ibex-1ed1f888f0ee8d9a/vendor/lowrisc_ip/ip/prim/rtl \
###     $ROOT/.bender/git/checkouts/pulp_soc-426e7b7e589fbdfe/rtl/include \
###     $ROOT/.bender/git/checkouts/register_interface-eb9e866f3e0731e1/include \
###     $ROOT/.bender/git/checkouts/udma_core-4dfb66675047f408/rtl \
###     $ROOT/.bender/git/checkouts/udma_i2c-b6d6aa6271adcd0c/rtl \
###     $ROOT/.bender/git/checkouts/udma_qspi-a05abba6367cd932/rtl \
###     $ROOT/rtl/includes \
### ] [current_fileset -simset]
### set_property verilog_define [list \
###     TARGET_FPGA \
###     TARGET_SYNTHESIS \
###     TARGET_VIVADO \
###     TARGET_XILINX \
### ] [current_fileset]
### set_property verilog_define [list \
###     TARGET_FPGA \
###     TARGET_SYNTHESIS \
###     TARGET_VIVADO \
###     TARGET_XILINX \
### ] [current_fileset -simset]
# set FPGA_RTL rtl
# set FPGA_IPS ips
# set DEFINES "FPGA_TARGET_XILINX=1 PULP_FPGA_EMUL=1 AXI4_XCHECK_OFF=1"
# if { $BOARD == "genesys2" } {
#     set DEFINES "$DEFINES GENESYS2=1"
# }
# set_property verilog_define $DEFINES [current_fileset]
# if [info exists ::env(FC_CLK_PERIOD_NS)] {
#     set FC_CLK_PERIOD_NS $::env(FC_CLK_PERIOD_NS)
# } else {
#     set FC_CLK_PERIOD_NS 10.000
# }
# set CLK_HALFPERIOD_NS [expr ${FC_CLK_PERIOD_NS} / 2.0]
# add_files -norecurse $FPGA_RTL/xilinx_pulpissimo.v
ERROR: [Vivado 12-172] File or Directory 'rtl/xilinx_pulpissimo.v' does not exist
INFO: [Common 17-206] Exiting Vivado at Sat Oct 21 06:28:28 2023...
